Oddysee

Level 1 of the Dungeon
(0, 0, D:1)
  a +0 spear
(10, -13, D:1)
  a +0 club
(10, -7, D:1)
  4 large rocks
(12, -38, D:1)
  a leopard gecko skeleton
(20, -37, D:1)
  a hobgoblin skeleton
  a bat corpse (skeletalised by now)
(20, -8, D:1)
  a +0 short sword
(34, -14, D:1)
  a +0 club
  a kobold corpse (skeletalised by now)
(37, -39, D:1)
  a +0 ring mail
  a +0 leather armour
(44, -40, D:1)
  a +0 dagger (still there?)
  a rat corpse (still there?)
(46, -32, D:1)
  a +0 ring mail
(47, 6, D:1)
  a +0 short sword
(55, -4, D:1)
  a +0 club
  a kobold corpse (skeletalised by now)
(55, -2, D:1)
  a leopard gecko corpse (skeletalised by now)
(61, -16, D:1)
  a +0 club

Level 2 of the Dungeon
(0, 0, D:2)
  a scroll of identify
(2, 3, D:2)
  9 gold pieces
(2, 4, D:2)
  a sling bullet
(3, 5, D:2)
  a sling bullet
  (unseen)
(4, -1, D:2)
  a stone
(4, 5, D:2)
  a +0 club (still there?)
  a stone (still there?)
(4, 7, D:2)
  a +0 dagger
  (unseen)
(4, 8, D:2)
  2 sling bullets

