Oddysee

Level 1 of the Dungeon
(0, 0, D:1)
  a +0 dagger
(4, 10, D:1)
  5 javelins
(6, 7, D:1)
  a cursed +0 hand axe
(12, -19, D:1)
  a +0 dagger
(13, -15, D:1)
  a +0 hand axe
(25, 3, D:1)
  a +0 chain mail
  a +0 leather armour
(46, 2, D:1)
  a +0 club
(50, -10, D:1)
  a +0 dagger

Level 2 of the Dungeon
(0, 0, D:2)
  a +0 short sword
  a +0 chain mail
(1, 4, D:2)
  a +0 spear
(13, 9, D:2)
  21 arrows
(17, -6, D:2)
  a +0 hunting sling
(17, 25, D:2)
  an uncursed staff of death
(22, 33, D:2)
  17 arrows
(27, 3, D:2)
  a +0 hunting sling
(32, -3, D:2)
  a +0 club
(33, -23, D:2)
  a +0 leather armour
(36, 26, D:2)
  a +0 ring mail
(40, 3, D:2)
  a cursed -2 spear
(47, 7, D:2)
  a +0 dagger

Level 3 of the Dungeon

Level 4 of the Dungeon
(0, 0, D:4)
  a +0 dagger
(8, 1, D:4)
  a +0 spear
(22, 5, D:4)
  a +0 scale mail
(31, 27, D:4)
  5 javelins
(32, 7, D:4)
  a +0 short sword
  a +0 animal skin
  a +0 helmet
  a +0 club
(32, 9, D:4)
  a +0 club
(32, 21, D:4)
  a +0 ring mail
(33, 6, D:4)
  a +0 club
  a +0 dagger
(34, 2, D:4)
  a +0 club
  a +0 ring mail
(34, 3, D:4)
  a +0 dagger
  a +0 dagger
  a +0 hunting sling
(36, 21, D:4)
  a +0 dagger
  a +0 mace
  a +0 leather armour
(36, 22, D:4)
  a +0 hand axe

Level 5 of the Dungeon
(0, 0, D:5)
  a +0 ring mail
(0, 8, D:5)
  a scroll of noise
(6, -16, D:5)
  a +0 scale mail
(20, 1, D:5)
  28 arrows
(36, 17, D:5)
  a +0 hand axe

Level 6 of the Dungeon
(6, 6, D:6)
  19 poisoned needles
(9, 41, D:6)
  a +0 hand axe
  a +0 plate armour
(11, 42, D:6)
  a cursed -2 club
(13, 41, D:6)
  a +0 short sword
(43, 28, D:6)
  a +0 ring mail
(45, 13, D:6)
  a +0 robe

Level 7 of the Dungeon
(0, 0, D:7)
  a +0 leather armour
(0, 19, D:7)
  5 arrows
(0, 21, D:7)
  a +0 shortbow
  21 arrows
(1, 26, D:7)
  a +0 dagger
  a +0 robe
(2, 2, D:7)
  a cursed +0 dagger
  a +0 robe
  a +0 dagger
  a cursed +0 robe
  a +0 giant club
(7, 4, D:7)
  a +0 dagger
  a +0 robe
(10, 6, D:7)
  a +0 dagger
  a +0 robe
(19, 10, D:7)
  a +0 dagger
  a +0 robe
(19, 11, D:7)
  a +0 dagger
  a +0 robe
(20, 0, D:7)
  a +0 hand axe
  a +0 animal skin
(22, -7, D:7)
  a +0 whip
  a +0 leather armour
(24, -6, D:7)
  a +0 hand axe
(26, -6, D:7)
  a +0 leather armour
(27, -6, D:7)
  a +2 flail of protection
  a +0 leather armour
(36, 21, D:7)
  a +0 war axe

Level 8 of the Dungeon
(0, 0, D:8)
  a +0 dagger
  a cursed +0 chain mail
(1, 3, D:8)
  a +0 dagger
  a +0 robe
(5, 18, D:8)
  a +0 spear
(7, -5, D:8)
  a +3 dagger
  a +0 robe
  a cursed +0 robe
(9, 21, D:8)
  a +0 scale mail
(11, -9, D:8)
  a +0 scale mail
(12, -4, D:8)
  a +0 robe
(12, 17, D:8)
  a +0 falchion
  a +0 robe
(21, -15, D:8)
  a +0 short sword
  a +1 war axe of pain
(21, -8, D:8)
  a cursed +0 hand axe
  a cursed +0 robe
(25, -9, D:8)
  a +0 hand axe
  a +0 ring mail
(26, -16, D:8)
  a +0 robe
(31, 5, D:8)
  a +0 dagger

Level 9 of the Dungeon
(0, 0, D:9)
  a +0 whip
  a +0 leather armour
(15, -8, D:9)
  a +0 mace
  a +0 chain mail
(16, -5, D:9)
  5 stones
(18, -11, D:9)
  a stone
(19, -7, D:9)
  a stone
(23, -23, D:9)
  a cursed -1 giant spiked club
  a +0 robe
(31, 19, D:9)
  a +0 long sword
(46, -7, D:9)
  a ration
(49, -4, D:9)
  a ration

Level 10 of the Dungeon
(0, 0, D:10)
  2 stones
(2, 1, D:10)
  a stone
(3, 1, D:10)
  a stone
(4, 1, D:10)
  a stone
(5, 0, D:10)
  2 stones
(6, -3, D:10)
  a +0 ring mail
(6, 0, D:10)
  10 stones
(12, 4, D:10)
  a +0 mace

the Ecumenical Temple

