Oddysee

Level 1 of the Dungeon
(0, 0, D:1)
  a rat skeleton
(1, 0, D:1)
  a goblin skeleton
(11, -3, D:1)
  a +0 club
(11, 1, D:1)
  a +0 club
(13, 17, D:1)
  14 stones
(20, 4, D:1)
  8 tomahawks
(20, 10, D:1)
  a +0 dagger
(20, 16, D:1)
  a kobold skeleton
(26, 33, D:1)
  a +0 hand axe
(30, -3, D:1)
  29 stones
(35, 23, D:1)
  a +0 club
  a +0 dagger
  4 stones
(35, 33, D:1)
  a +0 mace
(36, 21, D:1)
  a +0 whip
(36, 23, D:1)
  a +0 club
(38, 17, D:1)
  17 stones
(44, 12, D:1)
  16 sling bullets
(46, 12, D:1)
  a +0 club
(47, 9, D:1)
  6 poisoned needles
(48, 7, D:1)
  a stone
(49, -3, D:1)
  a +0 club
(53, 16, D:1)
  14 stones

Level 2 of the Dungeon
(0, 0, D:2)
  21 stones
(0, 3, D:2)
  21 sling bullets
(5, 1, D:2)
  a +0 spear
(5, 7, D:2)
  an uncursed ring of wizardry
(9, 1, D:2)
  a +0 club
  a hobgoblin corpse

