Oddysee

Level 1 of the Dungeon
(0, 0, D:1)
  14 sling bullets
(20, -43, D:1)
  a +0 dagger
(20, -23, D:1)
  a +0 club
(20, -15, D:1)
  a +0 club
(24, -4, D:1)
  a +0 robe
(28, -24, D:1)
  a +1 dagger of speed
(28, -23, D:1)
  a +0 short sword
(30, -7, D:1)
  15 bolts
(37, -15, D:1)
  a cursed +0 club
(49, -10, D:1)
  a +0 club

Level 2 of the Dungeon
(0, 0, D:2)
  a +0 club
(3, 30, D:2)
  a cursed -3 club
(9, -5, D:2)
  a +0 club
(9, 18, D:2)
  a +0 club
(24, 3, D:2)
  a +0 club
(26, 3, D:2)
  a stone
(29, 3, D:2)
  a +0 leather armour
(30, 4, D:2)
  a +0 club
(33, 5, D:2)
  2 stones
(34, 4, D:2)
  a +0 club
(35, 4, D:2)
  2 stones
(43, 18, D:2)
  a cursed -3 short sword

Level 3 of the Dungeon
(0, 0, D:3)
  a +0 robe
(23, -23, D:3)
  a +0 flail
(24, -25, D:3)
  a poisoned needle
(24, -17, D:3)
  15 bolts
(25, -27, D:3)
  a +0 blowgun
  12 poisoned needles
(25, -26, D:3)
  a +0 dagger
(29, -24, D:3)
  27 arrows
(33, -31, D:3)
  19 stones
(35, -15, D:3)
  a +1 flail
(35, -3, D:3)
  a stone
(36, -3, D:3)
  a stone
(38, -37, D:3)
  24 arrows
(39, -39, D:3)
  a +0 short sword
(39, -35, D:3)
  20 stones
(39, -3, D:3)
  a stone
(40, -38, D:3)
  12 poisoned needles
(41, -3, D:3)
  a cursed -1 hunting sling
  a +0 dagger
  20 stones
(45, -30, D:3)
  25 sling bullets
(45, -7, D:3)
  a book of Minor Magic
(46, -5, D:3)
  a +0 scythe
  a +2 robe of the Archmagi
(48, 1, D:3)
  a +0 short sword
  a +2 leather armour of cold resistance
(50, 5, D:3)
  a potion of degeneration
(51, -15, D:3)
  a cursed -1 short sword
  a +0 ring mail
(51, 2, D:3)
  22 arrows

Level 4 of the Dungeon
(0, 0, D:4)
  11 arrows
(0, 4, D:4)
  a +0 leather armour
(20, -6, D:4)
  a +0 club
  a +0 ring mail
(29, 18, D:4)
  20 arrows
(34, -25, D:4)
  8 poisoned needles
(34, -13, D:4)
  a +0 halberd
(34, -4, D:4)
  a +0 hunting sling of freezing
(54, -13, D:4)
  a +0 robe
(54, 5, D:4)
  11 arrows
(55, -13, D:4)
  a +0 club
  a +0 scale mail
  a +0 robe
  a +0 animal skin
(58, 13, D:4)
  a scroll of noise
(59, 20, D:4)
  18 stones

Level 5 of the Dungeon
(0, 0, D:5)
  17 sling bullets
(1, 9, D:5)
  a +0 short sword
(2, 2, D:5)
  a +0 giant spiked club
  a +0 giant club
(4, -39, D:5)
  a +0 falchion
(11, -11, D:5)
  30 stones
(20, -36, D:5)
  a +0 spear
(22, -27, D:5)
  a +0 ring mail
(27, -3, D:5)
  a +1 flail of distortion
  a +0 leather armour
(28, 2, D:5)
  14 bolts
(30, -27, D:5)
  a +0 whip
  a +0 flail
  a +0 flail
(31, -26, D:5)
  a +0 halberd
(31, -1, D:5)
  a +0 ring mail
(32, -5, D:5)
  a +0 falchion
  a +0 leather armour
(33, -30, D:5)
  a tomahawk
(33, -13, D:5)
  a +0 short sword
(34, -30, D:5)
  a tomahawk
(35, -30, D:5)
  a tomahawk
(36, -34, D:5)
  a +0 hand axe
(36, 6, D:5)
  a +0 flail
  a +0 scale mail
  a cursed -1 club
  a +0 ring mail
(37, -29, D:5)
  a cursed +0 rapier
(38, -30, D:5)
  a +0 whip
  a +0 leather armour
(39, -28, D:5)
  a +0 giant spiked club

Level 6 of the Dungeon
(0, 0, D:6)
  21 sling bullets
(13, 31, D:6)
  a +0 war axe of chopping
  a +2 mace of protection
  a +1 whip of draining
  a +2 whip of freezing
(22, 14, D:6)
  32 stones
(24, 22, D:6)
  a +0 dagger
  a +0 robe
(25, 22, D:6)
  a +3 rapier of speed
  a +0 ring mail
(27, 22, D:6)
  a +0 giant club
(28, 42, D:6)
  a +0 shortbow
(30, -3, D:6)
  an arrow
(31, -1, D:6)
  an arrow
(31, 1, D:6)
  a +0 shortbow
  9 arrows
(35, 0, D:6)
  a +0 falchion
  a +0 leather armour
(41, 15, D:6)
  a +0 mace
(42, 0, D:6)
  10 stones
(43, -7, D:6)
  a +0 club
(51, -6, D:6)
  a +3 antimagic flail
  a +0 scale mail

Level 7 of the Dungeon
(1, -1, D:7)
  a +0 dagger
(1, 0, D:7)
  a +0 dagger
  a +0 robe
  a +0 hand axe
(10, -12, D:7)
  a +0 long sword
(15, -2, D:7)
  17 stones
(19, -5, D:7)
  a +0 dagger
  a +0 robe
(29, -15, D:7)
  4 sling bullets
(34, -5, D:7)
  a +0 giant club
(40, 10, D:7)
  5 large rocks
(40, 29, D:7)
  an arrow
(41, -20, D:7)
  a +0 leather armour
(41, 30, D:7)
  2 arrows
(43, 5, D:7)
  a +0 trident
(43, 30, D:7)
  an arrow
(45, 4, D:7)
  9 arrows
(45, 30, D:7)
  a +0 shortbow
  17 arrows
(53, 16, D:7)
  a cursed -3 club
(54, 1, D:7)
  a +0 scale mail
(55, -15, D:7)
  a +0 whip
(55, 5, D:7)
  a +0 giant club
(57, 12, D:7)
  a +0 glaive

Level 8 of the Dungeon
(0, 0, D:8)
  a +0 hand axe
(2, 0, D:8)
  a +0 giant club
(4, -27, D:8)
  a cursed -3 trident
(5, -26, D:8)
  a tomahawk
(6, -26, D:8)
  a cursed -3 dagger
(6, -25, D:8)
  a tomahawk
(7, -27, D:8)
  a +0 club
  2 tomahawks
  a +0 ring mail
  a scroll of noise
(7, -26, D:8)
  a +0 flail
  a +2 leather armour of fire resistance
  a +0 dagger
  a +0 leather armour
(7, -25, D:8)
  a +0 dagger
  a +0 robe
(12, -28, D:8)
  a +0 short sword
(13, 15, D:8)
  a +1 mace of draining
  3 tomahawks
(14, 15, D:8)
  a +0 dagger
  a +0 chain mail
  a +0 trident
(15, -2, D:8)
  25 sling bullets
(15, 15, D:8)
  a +0 long sword
  a +0 chain mail
(17, -1, D:8)
  a +0 club
(17, 8, D:8)
  a +0 dagger
  a +0 robe
(18, 0, D:8)
  a cursed -1 whip
(18, 1, D:8)
  a +1 halberd of venom
(19, 0, D:8)
  a +0 club
  a +0 leather armour
(28, 2, D:8)
  9 stones
(29, 12, D:8)
  a +0 scale mail
(37, 13, D:8)
  a tomahawk
(37, 18, D:8)
  a tomahawk
(38, 14, D:8)
  a tomahawk
(38, 16, D:8)
  a +0 club
  a +0 whip
(38, 17, D:8)
  a tomahawk
  a +0 dagger
  a +0 robe
(38, 18, D:8)
  a tomahawk
(41, -10, D:8)
  a +0 chain mail
(43, 13, D:8)
  8 tomahawks
(46, -4, D:8)
  5 arrows

Level 9 of the Dungeon
(8, 9, D:9)
  14 stones
(8, 18, D:9)
  a +0 chain mail
  a +0 scale mail
(12, 23, D:9)
  a +0 ring mail
(13, 12, D:9)
  12 bolts
(13, 39, D:9)
  a +0 spear of venom
  a +0 ring mail
(14, 38, D:9)
  a +0 halberd
(15, 39, D:9)
  a +0 spear
(16, 53, D:9)
  13 stones
(17, 47, D:9)
  a -2 ring of evasion
(20, 51, D:9)
  15 poisoned needles
(28, 35, D:9)
  a +0 leather armour
(31, 9, D:9)
  an uncursed staff of poison
(36, 15, D:9)
  a +0 chain mail
(41, 28, D:9)
  a cursed -6 ring of strength

Level 10 of the Dungeon
(0, 0, D:10)
  a +0 pair of boots
(1, -3, D:10)
  a +0 flail
(16, 1, D:10)
  a stone
(16, 30, D:10)
  a +0 chain mail
(19, 4, D:10)
  a +0 hand axe
  a +0 short sword
  a +0 dagger
  a -1 spear of venom
  a +0 animal skin
(19, 22, D:10)
  a +0 club
  a +0 leather armour
  a +0 short sword
  a +0 giant club
  a +0 giant club
  a cursed +0 chain mail
(20, 4, D:10)
  a stone
(20, 23, D:10)
  a +3 double sword of protection
(20, 36, D:10)
  a cursed +0 chain mail
(21, 23, D:10)
  a +0 scimitar
(23, -8, D:10)
  a +0 giant club
(31, 2, D:10)
  a +0 long sword
(32, -1, D:10)
  a javelin
(34, -2, D:10)
  a javelin
(35, -4, D:10)
  a scroll of blinking
(35, -2, D:10)
  a javelin
(38, -3, D:10)
  a +2 demon trident of freezing
  (unseen)

Level 1 of the Lair of Beasts
(0, 0, Lair:1)
  a +3 ring of intelligence
(3, -19, Lair:1)
  a +6 shortbow
(20, -53, Lair:1)
  a +2 short sword of protection
(24, -48, Lair:1)
  16 arrows
(25, -55, Lair:1)
  a +0 shortbow
(36, -32, Lair:1)
  21 stones
(39, -46, Lair:1)
  a +0 robe
(40, -48, Lair:1)
  a +0 ring mail
(46, -57, Lair:1)
  a +0 plate armour
(53, -29, Lair:1)
  a cursed +0 club
(58, -14, Lair:1)
  a +0 leather armour

Level 2 of the Lair of Beasts
(21, 8, Lair:2)
  19 stones

a volcano
(0, 0, Volcano)
  a +2 shortbow of flaming
  15 arrows
(1, -2, Volcano)
  3 arrows
(1, -1, Volcano)
  a +1 shortbow of flaming
  13 arrows
(1, 0, Volcano)
  a +1 shortbow of flaming
  20 arrows
(2, 0, Volcano)
  a +2 arbalest of flaming
  12 bolts

