Oddysee

Level 1 of the Dungeon
(0, 0, D:1)
  a +0 short sword
(1, -41, D:1)
  a +0 short sword
  (unseen)
(4, -2, D:1)
  a rat corpse (skeletalised by now)
(5, -7, D:1)
  a +0 club
(9, -49, D:1)
  a jackal corpse
(10, -49, D:1)
  a jackal corpse
(11, -31, D:1)
  a +0 club
  a goblin corpse (skeletalised by now)
(12, 2, D:1)
  23 sling bullets
(20, 13, D:1)
  a goblin corpse (skeletalised by now)
(22, -43, D:1)
  29 arrows
(25, -43, D:1)
  a jackal corpse
(34, 3, D:1)
  a +0 robe
(37, -8, D:1)
  a bat corpse (skeletalised by now)
(39, 0, D:1)
  a cursed -1 pair of gloves
(58, 10, D:1)
  18 stones
(60, -2, D:1)
  a +0 short sword

Level 2 of the Dungeon
(0, 0, D:2)
  a rat corpse

Level 3 of the Dungeon
(0, 0, D:3)
  6 gold pieces
(1, 0, D:3)
  a potion of curing
(1, 2, D:3)
  a +0 robe
(3, 7, D:3)
  a +0 club
  (unseen)
(3, 8, D:3)
  a leopard gecko corpse
(3, 14, D:3)
  16 gold pieces
(7, 8, D:3)
  a quokka corpse
(8, 12, D:3)
  a ration
(12, 3, D:3)
  a scroll of magic mapping

