Oddysee

Level 1 of the Dungeon
(7, -4, D:1)
  a +0 club
(43, 30, D:1)
  a +0 club
(44, 5, D:1)
  a +0 robe
(44, 26, D:1)
  a +0 club
(52, 6, D:1)
  a cursed +0 club
(55, 3, D:1)
  a +0 hand axe

Level 2 of the Dungeon
(0, 0, D:2)
  a +0 whip
(2, -4, D:2)
  a +0 dagger
(7, 4, D:2)
  23 bolts
(15, 7, D:2)
  a +0 dagger
(17, -15, D:2)
  a +0 club
  a +0 leather armour
(19, 6, D:2)
  a +0 club
(24, -4, D:2)
  a +0 club
(41, 17, D:2)
  2 sling bullets
(41, 18, D:2)
  a +0 mace
(42, 17, D:2)
  a sling bullet
(44, 17, D:2)
  a sling bullet
(46, -11, D:2)
  a +0 club
(47, -26, D:2)
  a +0 spear
(52, 2, D:2)
  a rat skeleton

