Oddysee

Level 1 of the Dungeon
(0, 0, D:1)
  a +0 whip
(0, 25, D:1)
  a +0 club
(0, 26, D:1)
  a +0 club
(6, 36, D:1)
  a +0 ring mail of positive energy
  15 stones
(9, 14, D:1)
  a +0 club
(15, -8, D:1)
  21 stones
(16, 18, D:1)
  15 sling bullets
(18, 10, D:1)
  a +0 dagger
(19, 7, D:1)
  a +0 club
(21, 2, D:1)
  20 stones
(22, 4, D:1)
  a +0 short sword
(24, 38, D:1)
  a +0 dagger
(28, -4, D:1)
  a +0 club
(35, 14, D:1)
  a +0 dagger
(44, 27, D:1)
  a +0 short sword
(45, 23, D:1)
  a stone

Level 2 of the Dungeon
(0, 0, D:2)
  a +0 club
(0, 1, D:2)
  a +2 dagger of draining
  19 stones
(4, -21, D:2)
  a +0 club
(8, -8, D:2)
  a +0 dagger
(9, -13, D:2)
  20 stones
(17, -13, D:2)
  a +0 pair of gloves
(23, -2, D:2)
  a +0 dagger
(28, -29, D:2)
  a +0 robe
(31, -21, D:2)
  a +0 scale mail
(36, -28, D:2)
  a +0 whip
(39, -17, D:2)
  18 arrows
(39, -4, D:2)
  a +0 short sword
(43, -30, D:2)
  a +0 dagger
(50, -31, D:2)
  a stone

Level 3 of the Dungeon
(0, 0, D:3)
  11 arrows
(13, -17, D:3)
  20 arrows
(13, 0, D:3)
  a +0 dagger
  a +0 club
(14, 0, D:3)
  a sling bullet
  a +0 dagger
(14, 1, D:3)
  a sling bullet
(14, 15, D:3)
  a +0 spear
(15, 19, D:3)
  a +0 mace
(16, -2, D:3)
  8 sling bullets
  a +0 hunting sling
  a +0 dagger
(16, 11, D:3)
  a +0 troll leather armour {Purgy}
  a +0 club
  a +0 animal skin
  a +0 club
(16, 12, D:3)
  a +0 club
  a +0 dagger
(16, 13, D:3)
  a +0 dagger of venom
(17, 11, D:3)
  a cursed -1 club
(21, -11, D:3)
  a +0 leather armour
(23, 4, D:3)
  19 stones
(25, 9, D:3)
  21 arrows
(34, -4, D:3)
  a cursed +0 robe
(35, 19, D:3)
  a +0 quarterstaff
(37, -4, D:3)
  a +0 club
(43, -13, D:3)
  a +0 club
(44, -18, D:3)
  15 stones
(56, 18, D:3)
  10 bolts
(62, 12, D:3)
  a +0 club
(63, 14, D:3)
  2 potions of degeneration

Level 4 of the Dungeon
(0, 0, D:4)
  a +0 falchion
(1, 44, D:4)
  a +0 hand axe
(5, -2, D:4)
  a +0 robe
(12, 46, D:4)
  a +0 leather armour
(23, 18, D:4)
  a +0 hand axe
  a +0 ring mail
  a +0 whip
  a +0 leather armour
  a +0 dagger
  a +0 robe
(25, -6, D:4)
  2 tomahawks
(26, 27, D:4)
  a +0 flail
(55, 7, D:4)
  a +0 robe

Level 5 of the Dungeon
[Shop] Juvich's Book Boutique
  a book of Necromancy (330 gold)
  a book of Transfigurations (605 gold)
  a book of Callings (330 gold)
  a book of Conjurations (330 gold)
  a book of Debilitation (440 gold)
  a book of Geomancy (385 gold)
  a book of Cantrips (220 gold)
  a book of Necromancy (330 gold)
  a book of the Sky (715 gold)
  the Volume of Freezing Intoxication (724 gold)
    Spells                           Type                      Level
     a - Freeze                       Ice                           1
     b - Ensorcelled Hibernation      Hexes/Ice                     2
     c - Olgreb's Toxic Radiance      Poison                        4
     d - Bolt of Cold                 Conjuration/Ice               6
     e - Ozocubu's Refrigeration      Ice                           6
  the Volume of Vitriolic Battle Magic (480 gold)
    Spells                           Type                      Level
     a - Static Discharge             Conjuration/Air               3
     b - Conjure Flame                Conjuration/Fire              3
     c - Iskenderun's Mystic Blast    Conjuration                   4
     d - Venom Bolt                   Conjuration/Poison            5
  a book of Conjurations (330 gold)
[Shop] Axig Zaid's Antique Armour Emporium
  a +0 chain mail (76 gold)
  a +0 robe (11 gold)
  a +0 chain mail (76 gold)
  a cursed +0 leather armour (1 gold)
  the +8 chain mail of Bitterness {-Tele rPois rC+} (970 gold)
    It protects you from cold.
    It protects you from poison.
    It prevents most forms of teleportation.
  a +0 naga barding (391 gold)
  a +0 robe (11 gold)
  the +2 fire dragon scales of Grace {rPois rF++ rC- Int+2} (1451 gold)
    It affects your intelligence (+2).
    It greatly protects you from fire.
    It makes you vulnerable to cold.
    It protects you from poison.
  a +1 leather armour of magic resistance (238 gold)
  a +0 leather armour (34 gold)
[Shop] Hetanyny's Book Shop
  a book of Debilitation (480 gold)
  a book of Maledictions (300 gold)
  a book of Beasts (660 gold)
  a Necronomicon (1324 gold)
  a Young Poisoner's Handbook (480 gold)
  a book of Enchantments (600 gold)
  a book of Battle (480 gold)
  the Collected Works on the Mountains and Flight (780 gold)
    Spells                           Type                      Level
     a - Shock                        Conjuration/Air               1
     b - Sandblast                    Earth                         1
     c - Conjure Ball Lightning       Conjuration/Air               6
     d - Freezing Cloud               Conjuration/Ice/Air           6
     e - Iron Shot                    Conjuration/Earth             6
  a book of the Earth (780 gold)
  a book of Clouds (540 gold)
[Shop] Sixurooxay's Antique Armour Shop
  a +0 chain mail (121 gold)
  a +0 cloak (121 gold)
  a +0 plate armour (621 gold)
  a +3 chain mail of poison resistance (634 gold)
  a +0 leather armour (54 gold)
  a +0 robe (18 gold)
  a +3 ring mail of cold resistance (702 gold)
  a +0 pair of gloves of archery (310 gold)
  a +0 chain mail (121 gold)
[Shop] Xero Vuwku's Antique Weapon Shoppe
  a +0 falchion (69 gold)
  a +0 dagger (46 gold)
  a +0 rapier (92 gold)
  a +0 whip (57 gold)
  a +0 dagger (46 gold)
  a +0 dagger (46 gold)
  a +1 mace of holy wrath (285 gold)
(0, 0, D:5)
  the -3 pair of boots "Qaxoilof" {rN+ Str-3 Dex+8}
    It affects your strength (-3).
    It affects your dexterity (+8).
    It protects you from negative energy.
  an uncursed ring of ice
(3, 4, D:5)
  a cursed +0 hunting sling
(5, 12, D:5)
  a +0 robe
(5, 19, D:5)
  20 bolts
(5, 24, D:5)
  a +0 chain mail
(9, 3, D:5)
  a tomahawk
(9, 4, D:5)
  a +0 mace
  a +0 whip
  a tomahawk
  a +0 leather armour
(9, 7, D:5)
  a tomahawk
(10, 2, D:5)
  a +0 mace
(10, 48, D:5)
  a cursed +0 spear
(11, 2, D:5)
  a +0 giant spiked club
(15, 7, D:5)
  22 arrows
(20, 18, D:5)
  25 arrows
(20, 19, D:5)
  a +0 buckler of reflection
(20, 20, D:5)
  a scroll of immolation
(20, 21, D:5)
  16 gold pieces
(20, 22, D:5)
  a scroll of enchant armour
(27, 2, D:5)
  a +0 shortbow
  27 arrows
(29, 2, D:5)
  an arrow
(30, 2, D:5)
  an arrow
(31, 2, D:5)
  an arrow

Level 6 of the Dungeon
(0, 0, D:6)
  a +0 chain mail
(1, 1, D:6)
  27 stones
(15, 39, D:6)
  a +0 dagger
  a +0 robe
(16, 39, D:6)
  a +0 leather armour
(17, 38, D:6)
  a +0 whip
  a +0 leather armour
(17, 39, D:6)
  a +0 flail
(36, -2, D:6)
  a +0 robe
(39, 45, D:6)
  a +0 ring mail
(46, -4, D:6)
  a +0 short sword
  a +0 leather armour
(50, 24, D:6)
  a +0 dagger

Level 7 of the Dungeon
(0, 0, D:7)
  an arrow
(0, 1, D:7)
  2 arrows
(0, 3, D:7)
  2 arrows
(0, 4, D:7)
  an arrow
(0, 6, D:7)
  a +0 shortbow
  8 arrows
(8, 29, D:7)
  a potion of degeneration
(10, 10, D:7)
  a +0 spear
(16, 9, D:7)
  a +0 scale mail
  a +0 trident
(17, 10, D:7)
  a +0 club
  a +0 whip
  a +0 flail
  a +0 club
(18, 9, D:7)
  a +0 spear
(27, -10, D:7)
  a +0 chain mail
(27, 25, D:7)
  a +0 dagger
  a +0 short sword
  a cursed +0 scale mail
  a +0 dagger
  a +0 robe
  a +0 flail
(30, -7, D:7)
  a +0 hand axe
  a +0 animal skin
(35, 20, D:7)
  a cursed +0 chain mail
  13 arrows
(39, -1, D:7)
  a +0 giant club
(49, 13, D:7)
  14 arrows
  a +0 shortbow
(51, 11, D:7)
  a +0 dagger
  a cursed +0 cloak
(51, 14, D:7)
  an arrow

Level 8 of the Dungeon
(0, 0, D:8)
  a +0 ring mail
(5, 5, D:8)
  a scroll of noise
(6, 17, D:8)
  19 stones
(12, 6, D:8)
  2 large rocks
(16, -2, D:8)
  a +0 spear
(17, 2, D:8)
  a +0 scimitar
  a throwing net
  a +0 scale mail
(19, 26, D:8)
  16 bolts
(22, -9, D:8)
  a +0 scale mail
(24, 10, D:8)
  a +0 hand axe
(28, -22, D:8)
  a +0 whip
(30, 3, D:8)
  a cursed -1 quarterstaff
  a +0 hunting sling
  29 sling bullets
  a +2 leather armour of cold resistance
(34, -20, D:8)
  a potion of degeneration
(34, -15, D:8)
  a +0 shortbow
  11 arrows
(34, -13, D:8)
  2 arrows
(34, 16, D:8)
  2 stones
(38, 1, D:8)
  a +0 shortbow
  16 arrows
(39, 2, D:8)
  6 arrows
(39, 3, D:8)
  a +3 dagger of chaos
  a +2 robe of cold resistance
(54, 13, D:8)
  a +0 spear

Level 9 of the Dungeon
(0, 0, D:9)
  14 arrows
(5, -32, D:9)
  a +0 giant club
(6, -6, D:9)
  a +0 scale mail
(8, -12, D:9)
  10 stones
(9, -9, D:9)
  12 stones
(14, 0, D:9)
  a +0 flail
  a +0 leather armour
  a +0 dagger
  a +0 ring mail
(15, 1, D:9)
  a +0 short sword
  a +0 scale mail
  a +0 club
(20, -41, D:9)
  a +0 blowgun
  2 poisoned needles
(21, -42, D:9)
  a +0 dagger
(22, -42, D:9)
  a poisoned needle
(26, -1, D:9)
  15 sling bullets
(26, 2, D:9)
  a +0 spear
(27, -40, D:9)
  a +0 shield
(28, -12, D:9)
  a +0 shortbow
(30, -9, D:9)
  a cursed +0 leather armour
(50, -21, D:9)
  a +0 ring mail

Level 10 of the Dungeon
[Shop] Qumoit's Jewellery Boutique
  the amulet of Ypripoerph {Inacc Int+6} (241 gold)
    [amulet of inaccuracy]
    
    It reduces the accuracy of all your attacks.
    It affects your intelligence (+6).
  an uncursed amulet of faith (600 gold)
  an uncursed ring of fire (375 gold)
  an uncursed ring of fire (375 gold)
  a +3 ring of evasion (315 gold)
  an uncursed amulet of guardian spirit (450 gold)
  an uncursed ring of fire (375 gold)
  a +5 ring of intelligence (618 gold)
  an uncursed ring of fire (375 gold)
  an uncursed ring of poison resistance (300 gold)
  an uncursed ring of resist corrosion (300 gold)
(0, 0, D:10)
  a +0 giant club
(0, 12, D:10)
  a large rock
(0, 13, D:10)
  a large rock
(1, 15, D:10)
  a large rock
(2, 16, D:10)
  a large rock
(14, -24, D:10)
  a +0 scale mail
(18, -21, D:10)
  a +0 dagger
(34, 12, D:10)
  a +0 trident
  a +0 chain mail
(37, -13, D:10)
  20 sling bullets
(46, 17, D:10)
  an uncursed staff of cold

Level 11 of the Dungeon
[Shop] Bahon's Jewellery Boutique
  an uncursed ring of resist corrosion (300 gold)
  an uncursed amulet of harm (450 gold)
  a +3 ring of intelligence (235 gold)
  the amulet "Soineupec" {Spirit Fragile rF+ rN+ Str+5} (796 gold)
    [amulet of guardian spirit]
    
    It causes incoming damage to be split between your health and magic.
    It affects your strength (+5).
    It protects you from fire.
    It protects you from negative energy.
    It will be destroyed if unequipped.
  an uncursed ring of ice (375 gold)
  an uncursed amulet of the acrobat (450 gold)
  the ring of the Mage {Wiz MR++ Int+3} (775 gold)
    [ring of wizardry]
    
    It improves your spell success rate.
    It affects your intelligence (+3).
    It affects your resistance to hostile enchantments.
  an uncursed ring of wizardry (450 gold)
  an uncursed ring of magical power (300 gold)
  the amulet of the Four Winds {rN+ MR+++ Clar} (658 gold)
    [amulet of nothing]
    
    It protects you from negative energy.
    It affects your resistance to hostile enchantments.
    It protects you against confusion.
(0, 0, D:11)
  a +0 halberd
(2, 12, D:11)
  a +0 dagger of venom
  a +0 blowgun
(4, 37, D:11)
  19 arrows
  a +0 shortbow
(4, 39, D:11)
  2 arrows
(5, 10, D:11)
  a +0 flail
(5, 37, D:11)
  a +0 flail
(14, 1, D:11)
  a curare-tipped needle
(15, 1, D:11)
  a curare-tipped needle
(16, 1, D:11)
  a curare-tipped needle
(16, 2, D:11)
  a curare-tipped needle
(25, 39, D:11)
  a large rock
(26, 38, D:11)
  4 large rocks
(27, 10, D:11)
  a +0 scale mail
(29, 42, D:11)
  a +0 flail

the Ecumenical Temple

Level 1 of the Orcish Mines
[Shop] Paprac's Weapon Emporium
  16 stones (22 gold)
  26 bolts (72 gold)
  17 sling bullets (119 gold)
  a +0 blowgun (35 gold)
  a +0 flail (49 gold)
  a +0 shortbow of velocity (91 gold)
  19 stones (26 gold)
  a +0 scimitar (56 gold)
  a +0 great mace (91 gold)
  a +0 great mace of holy wrath (191 gold)
(0, 0, Orc:1)
  a +0 plate armour
(1, 1, Orc:1)
  a +0 robe
  a +1 dagger of venom
  a +0 ring mail
  a +0 club
(1, 16, Orc:1)
  a +0 chain mail
  a cursed -1 hand axe
(1, 17, Orc:1)
  a +0 leather armour
  a +0 robe
  a cursed -1 club
  a +0 dagger
  a +0 robe
  a +0 dagger
  a +0 robe
  a +0 dagger
  a +0 dagger
(2, 16, Orc:1)
  a large rock
(2, 17, Orc:1)
  a +0 chain mail
  a +0 short sword
  a +0 giant spiked club
  a +0 falchion
  a +0 chain mail
(3, 16, Orc:1)
  4 large rocks
(3, 17, Orc:1)
  a +0 falchion
  a +0 leather armour
  a +0 dagger
(15, 13, Orc:1)
  a +0 flail
  a +0 leather armour
(16, 14, Orc:1)
  a +0 chain mail
  a +0 flail
(20, 13, Orc:1)
  a +0 dagger
  a +0 robe
  a +0 dagger
  a cursed +0 robe
(20, 14, Orc:1)
  a +0 dagger
  a +0 robe
(20, 15, Orc:1)
  a +0 mace
  4 tomahawks
  a +0 chain mail
(21, 13, Orc:1)
  a +0 flail
  a +0 plate armour
(21, 14, Orc:1)
  a +0 halberd
  a +0 plate armour
(21, 15, Orc:1)
  a +0 club
  a +0 hand axe
  a +0 chain mail
(34, 14, Orc:1)
  27 stones
(35, 16, Orc:1)
  a +0 scale mail
(43, 24, Orc:1)
  a +2 dire flail of venom
  a +0 dire flail
  a +0 giant club
  a +0 great mace
(43, 25, Orc:1)
  a +0 war axe
  a +0 plate armour
  a +0 giant club
  a +0 giant spiked club
(43, 26, Orc:1)
  a +0 spear
(44, 23, Orc:1)
  a +0 spear
  a +0 robe
(44, 24, Orc:1)
  a +0 hand axe
(44, 26, Orc:1)
  a +0 spear
(44, 27, Orc:1)
  a +0 spear
(45, 24, Orc:1)
  a +0 dagger
  a +0 robe
  a +0 hand axe
  a +0 dagger
  a +0 robe
  a +0 dagger
  a cursed +0 robe
(45, 25, Orc:1)
  a cursed -1 giant spiked club
  a +0 giant club
  a +0 war axe
  a +0 ring mail
  a +0 dagger
  a +0 robe
(45, 26, Orc:1)
  a +0 spear

Level 2 of the Orcish Mines
[Shop] Metojo Ewoph's Book Boutique
  a book of Cantrips (300 gold)
  a book of Fire (975 gold)
  a book of the Warp (1350 gold)
  a book of Transfigurations (825 gold)
  a book of the Warp (1350 gold)
  a book of Power (675 gold)
  a book of Unlife (975 gold)
  Baexenk's Almanac of Stolen Souls and Boosts (961 gold)
    Spells                           Type                      Level
     a - Infusion                     Charms                        1
     b - Animate Skeleton             Necromancy                    1
     c - Corpse Rot                   Necromancy                    2
     d - Regeneration                 Charms/Necromancy             3
     e - Dispel Undead                Necromancy                    5
     f - Ring of Flames               Charms/Fire                   7
[Shop] Emesopp's Food Emporium
  a ration (60 gold)
  a ration (60 gold)
  a ration (60 gold)
  a ration (60 gold)
  a ration (60 gold)
  a ration (60 gold)
  a ration (60 gold)
  a ration (60 gold)
  a ration (60 gold)
  a ration (60 gold)
[Shop] Byugesk's Distillery
  a potion of brilliance (40 gold)
  a potion of haste (100 gold)
  a potion of degeneration (10 gold)
  a potion of lignification (30 gold)
  a potion of agility (40 gold)
  a potion of magic (80 gold)
  a potion of lignification (30 gold)
[Shop] Fecwev's Antique Armour Boutique
  a +0 chain mail (130 gold)
  a +0 ring mail (116 gold)
  a cursed -2 plate armour (290 gold)
  a +2 pair of gloves (478 gold)
  a +1 ring mail of cold resistance (464 gold)
  a +0 chain mail (130 gold)
  a +0 leather armour (58 gold)
  a +0 plate armour (667 gold)
  a +0 buckler (130 gold)
  a +0 chain mail (130 gold)
  a +0 chain mail (130 gold)
[Shop] Ampuaca's Book Shop
  a book of Conjurations (450 gold)
  a Necronomicon (1656 gold)
  a book of Battle (600 gold)
  a book of Summonings (1050 gold)
  a book of Frost (525 gold)
  Luockie's Handbook of Attacks (924 gold)
    Spells                           Type                      Level
     a - Shock                        Conjuration/Air               1
     b - Magic Dart                   Conjuration                   1
     c - Static Discharge             Conjuration/Air               3
     d - Irradiate                    Conjuration/Transmutation     5
     e - Iskenderun's Battlesphere    Conjuration/Charms            5
     f - Bolt of Draining             Conjuration/Necromancy        5
  a book of Beasts (825 gold)
(0, 0, Orc:2)
  a +0 dagger
  a +0 leather armour
  a +0 hand axe
(1, 0, Orc:2)
  a +0 broad axe
  a +0 plate armour
(10, 25, Orc:2)
  a +0 whip
(10, 26, Orc:2)
  2 large rocks
(10, 27, Orc:2)
  a large rock
(11, 25, Orc:2)
  a +0 flail
(11, 26, Orc:2)
  a +0 plate armour
  a cursed -1 battleaxe
(11, 32, Orc:2)
  a +0 robe of cold resistance
  a +0 dagger
(12, 25, Orc:2)
  a +0 ring mail
(14, -1, Orc:2)
  a +0 hand axe
(14, 31, Orc:2)
  a +0 giant club
(16, 11, Orc:2)
  a +0 plate armour
  a +0 battleaxe
(17, 10, Orc:2)
  a +0 trident
(17, 11, Orc:2)
  a +0 robe
  a +0 dagger
  a +0 robe
  a cursed +0 dagger
(18, 11, Orc:2)
  a +0 war axe
(20, 22, Orc:2)
  a +0 plate armour
  a cursed -2 halberd
(24, 18, Orc:2)
  a +0 plate armour
  a +2 leather armour of poison resistance
  a +0 scimitar
  a +0 flail
  a +0 short sword
  a +0 plate armour
  a +0 great mace
  a cursed +0 plate armour
  a +0 war axe
  a +0 plate armour
  a +0 whip
  a +0 leather armour
(24, 19, Orc:2)
  a +0 chain mail
  a +0 mace
(25, 6, Orc:2)
  a +0 giant club
(25, 17, Orc:2)
  a +0 plate armour
  a +0 hand axe
  a +0 mace
  2 tomahawks
  a +0 mace
  a +0 flail
(26, 16, Orc:2)
  a +0 war axe
  a +0 halberd
  a +0 chain mail
(26, 17, Orc:2)
  a +0 hand axe
  a +0 leather armour
  a +0 club
  a +0 leather armour
  3 tomahawks of dispersal
  a +0 flail
  a +0 hand axe
(26, 21, Orc:2)
  a cursed -1 trident
(27, 16, Orc:2)
  a tomahawk
  a +0 club
  a +0 plate armour
  a +0 war axe
  a +0 hand axe
(28, 14, Orc:2)
  a +0 chain mail
  a +0 dagger
(28, 15, Orc:2)
  a tomahawk
(28, 16, Orc:2)
  a +0 robe
  a +0 dagger
(29, 14, Orc:2)
  a +0 robe
  a +0 dagger
(29, 15, Orc:2)
  a +0 giant club
(29, 16, Orc:2)
  3 tomahawks
  a +0 chain mail
  a +0 mace
  a +0 plate armour
  a +0 dire flail
(29, 18, Orc:2)
  a +0 robe
  a +0 dagger
(29, 26, Orc:2)
  a +0 flail
(30, 16, Orc:2)
  5 tomahawks of returning
  a +0 flail
  a +0 chain mail
  a +0 halberd
(30, 17, Orc:2)
  a +0 short sword
  a +0 long sword
  a +0 chain mail
(31, 16, Orc:2)
  a cursed -1 chain mail
  a cursed -2 trident
(31, 28, Orc:2)
  a +0 leather armour
  a +0 trident
(32, 16, Orc:2)
  a +0 dagger
(32, 17, Orc:2)
  a +0 plate armour
  a +2 dire flail of venom
(32, 29, Orc:2)
  a +0 robe
  a +0 dagger
  a +0 war axe
  a +0 leather armour
(33, 16, Orc:2)
  a +0 hand axe
(33, 24, Orc:2)
  a +2 pair of gloves
  a +0 helmet
(33, 28, Orc:2)
  a +2 robe of fire resistance
  a +0 dagger
  a +0 chain mail
  a +0 mace
(33, 29, Orc:2)
  a cursed -1 leather armour
  a +0 great sword
(34, 28, Orc:2)
  a +1 robe of magic resistance
  a +1 robe of magic resistance
  a +1 dagger of venom
  a cursed -2 dagger
(35, 24, Orc:2)
  a +2 robe
  a +0 dagger
(35, 26, Orc:2)
  a +0 robe of fire resistance
  a cursed -1 dagger
(35, 30, Orc:2)
  a +0 robe
  a +0 dagger
(38, 27, Orc:2)
  a +0 plate armour
  a +0 flail
  a +0 plate armour
  a +0 war axe
  a +0 chain mail
  a +0 short sword
  a +0 leather armour
  a +0 dagger
  a +0 plate armour
  a +0 long sword
(38, 28, Orc:2)
  a +0 plate armour
  a +0 trident
(39, 26, Orc:2)
  2 tomahawks
(39, 27, Orc:2)
  a +0 chain mail
  a +1 robe of magic resistance
  a +0 dagger
  a cursed +0 robe
  a +0 club
  a +0 dire flail
  a +0 dagger
(40, 27, Orc:2)
  a +0 plate armour
  5 tomahawks
  a +0 scimitar
  a +2 long sword of protection
  a +0 chain mail
(43, 29, Orc:2)
  a +0 giant spiked club
(44, 34, Orc:2)
  a +0 hand axe
  a +0 leather armour
(45, 24, Orc:2)
  a +0 mace
  a +0 plate armour
(45, 35, Orc:2)
  a +0 club
  a +0 hand axe
(46, 25, Orc:2)
  a +0 giant club
  a +2 halberd of venom
  a +1 chain mail of cold resistance
(46, 34, Orc:2)
  a +3 short sword
  a +0 leather armour
(47, 34, Orc:2)
  a +0 battleaxe
(47, 35, Orc:2)
  a +0 dagger

Level 1 of the Lair of Beasts
(0, 0, Lair:1)
  a +0 falchion of draining
(13, -9, Lair:1)
  a +0 giant club
(16, -2, Lair:1)
  a +0 war axe
(21, -12, Lair:1)
  14 poisoned needles
(22, -12, Lair:1)
  18 stones
(33, -27, Lair:1)
  18 bolts
(46, -16, Lair:1)
  20 stones
(46, -15, Lair:1)
  19 stones

Level 2 of the Lair of Beasts
(0, 0, Lair:2)
  a +0 trident
(1, 0, Lair:2)
  16 gold pieces
(14, 1, Lair:2)
  a +0 chain mail
  a +0 scale mail
(24, 8, Lair:2)
  a +0 halberd
(24, 10, Lair:2)
  a +0 war axe
(25, 9, Lair:2)
  a +0 robe
(25, 10, Lair:2)
  a +0 flail
  a +0 robe
(26, 10, Lair:2)
  a +0 long sword
(31, 3, Lair:2)
  15 bolts
(32, -12, Lair:2)
  25 sling bullets
(32, 29, Lair:2)
  a +0 short sword
(38, 30, Lair:2)
  17 stones
(41, 25, Lair:2)
  a potion of degeneration
(46, 4, Lair:2)
  a ration
(47, 1, Lair:2)
  a wand of polymorph (2)
  (unseen)
(47, 2, Lair:2)
  a scroll of enchant armour
(47, 3, Lair:2)
  27 bolts
(50, 3, Lair:2)
  21 gold pieces

Level 3 of the Lair of Beasts
(0, 0, Lair:3)
  20 arrows
(4, -36, Lair:3)
  an uncursed amulet of harm
(6, -10, Lair:3)
  an arrow
(8, -6, Lair:3)
  a +0 shortbow
  19 arrows
(8, -3, Lair:3)
  a +0 shortbow
  18 arrows
(9, -5, Lair:3)
  11 arrows
(9, -4, Lair:3)
  a +0 shortbow
  a +0 shortbow
  23 arrows
(10, -6, Lair:3)
  an arrow
(10, -4, Lair:3)
  2 arrows
(11, -7, Lair:3)
  an arrow
(17, -43, Lair:3)
  a cursed +0 club
(17, -40, Lair:3)
  17 stones
(21, -27, Lair:3)
  a +0 plate armour
(29, 7, Lair:3)
  19 gold pieces
(29, 8, Lair:3)
  23 gold pieces
(31, 8, Lair:3)
  12 gold pieces
(32, 7, Lair:3)
  a scroll of summoning

Level 4 of the Lair of Beasts
(0, 0, Lair:4)
  a +2 spear of freezing
(6, -18, Lair:4)
  a +0 dagger
  a +0 robe
(17, -15, Lair:4)
  a scroll of immolation
(18, -13, Lair:4)
  a +2 hand axe of electrocution
(18, 3, Lair:4)
  a +0 spear
(23, -14, Lair:4)
  a +0 leather armour
  a +0 war axe
(24, -14, Lair:4)
  a +0 robe
  a +0 hand axe
(27, -2, Lair:4)
  15 stones
(29, -2, Lair:4)
  18 stones
(32, -31, Lair:4)
  10 arrows
(33, -30, Lair:4)
  a +0 ring mail
(35, -24, Lair:4)
  a cursed -3 long sword
(37, -16, Lair:4)
  a +0 leather armour
  a +0 war axe
(45, -27, Lair:4)
  12 poisoned needles

Level 5 of the Lair of Beasts
(0, 0, Lair:5)
  27 stones
(4, 20, Lair:5)
  a +0 robe
(9, 19, Lair:5)
  an uncursed amulet of regeneration
(14, 46, Lair:5)
  a cursed -2 hand axe
(19, 25, Lair:5)
  23 stones
(28, 15, Lair:5)
  a +0 dagger
(30, 41, Lair:5)
  a +0 scale mail
(36, 43, Lair:5)
  a +0 arbalest
(43, 2, Lair:5)
  a +0 leather armour

Level 6 of the Lair of Beasts
(0, 0, Lair:6)
  a +0 arbalest
(2, -11, Lair:6)
  a +0 morningstar
(6, -43, Lair:6)
  a +0 leather armour
(20, -41, Lair:6)
  a +0 fustibalus
(25, -34, Lair:6)
  18 stones
(28, -21, Lair:6)
  18 sling bullets
(29, -51, Lair:6)
  the +12 dagger "Cischaedgh" {antimagic, *Noise +Blink rC+ MP+9}
    It reduces the magical energy of the wielder, and disrupts the spells and
    magical abilities of those hit. Natural abilities and divine invocations are
    not affected.
    
    It protects you from cold.
    It affects your magic capacity (+9).
    It lets you blink.
    It may make noises in combat.
(30, -52, Lair:6)
  a +0 spear
(30, -50, Lair:6)
  a +0 cloak
(37, -35, Lair:6)
  a +0 leather armour
(38, -19, Lair:6)
  a potion of degeneration
(42, -13, Lair:6)
  a +0 leather armour
(44, -33, Lair:6)
  23 stones
(45, -30, Lair:6)
  22 bolts
(49, -47, Lair:6)
  a +1 dagger of venom
(56, -33, Lair:6)
  a +1 hat
  a +1 pair of gloves
(61, -43, Lair:6)
  a scroll of immolation
(63, -14, Lair:6)
  a +0 leather armour

Level 1 of the Snake Pit
(0, 0, Snake:1)
  a +0 ring mail
(1, -16, Snake:1)
  a +0 scimitar of venom
  a +0 robe
(2, 5, Snake:1)
  a +0 hand crossbow
(5, -45, Snake:1)
  a bolt
(8, -45, Snake:1)
  3 bolts
(9, -45, Snake:1)
  a +4 arbalest
  a +0 war axe
  8 bolts
  a cursed +0 robe
(20, 1, Snake:1)
  4 needles of frenzy
(21, -17, Snake:1)
  18 stones
(25, -40, Snake:1)
  a +0 war axe
  a +0 robe
(26, -30, Snake:1)
  a +4 trident of venom
(27, -31, Snake:1)
  a +0 club
(27, -30, Snake:1)
  a +0 scimitar
  a +0 war axe
(29, -29, Snake:1)
  20 stones
(29, 5, Snake:1)
  a +0 short sword
  a +0 robe
(32, 1, Snake:1)
  an uncursed amulet of rage
  an uncursed amulet of the gourmand
  a +1 helmet
(34, -25, Snake:1)
  a +0 short sword
  a cursed +0 robe
(34, -24, Snake:1)
  a +0 halberd of chopping
(35, -25, Snake:1)
  a +2 vampiric trident
  a +0 robe
(36, -25, Snake:1)
  a +0 dire flail
(36, -23, Snake:1)
  a +0 hand axe
(42, -38, Snake:1)
  a +0 falchion
(43, -10, Snake:1)
  a +0 spear
(46, -41, Snake:1)
  a +0 shortbow
  a +0 long sword of electrocution
  7 arrows
(47, -42, Snake:1)
  6 arrows
(47, -41, Snake:1)
  a +0 scimitar
(48, -42, Snake:1)
  3 arrows
  a +0 glaive
  a +0 robe
(49, -42, Snake:1)
  2 arrows
(55, -39, Snake:1)
  a +3 dagger of venom
  a +0 robe
(55, -35, Snake:1)
  a +0 halberd
(56, -36, Snake:1)
  a +0 short sword
(56, -35, Snake:1)
  a +0 dire flail
  a +0 robe
(56, -30, Snake:1)
  an arrow
(57, -33, Snake:1)
  a +0 spear
  a +0 shortbow of flaming
  13 arrows
(57, -7, Snake:1)
  a +0 glaive
(57, 3, Snake:1)
  a +0 dagger
(65, -26, Snake:1)
  a +1 hand axe of electrocution
  a +0 robe
(69, -14, Snake:1)
  a +0 flail

Level 2 of the Snake Pit
(5, 18, Snake:2)
  22 stones
(9, 18, Snake:2)
  24 stones
(9, 47, Snake:2)
  23 bolts
(10, -10, Snake:2)
  an arrow
(10, -8, Snake:2)
  an arrow
(13, 33, Snake:2)
  7 javelins of returning
(15, -8, Snake:2)
  a -2 shortbow
  a +0 hand axe
  22 arrows
(15, 27, Snake:2)
  an arrow
(16, 28, Snake:2)
  an arrow
(16, 30, Snake:2)
  a +0 shortbow of flaming
  27 arrows
(16, 32, Snake:2)
  a +0 pair of gloves
(16, 41, Snake:2)
  a +0 arbalest
  a +0 dire flail
  12 bolts
(17, 29, Snake:2)
  4 arrows
(17, 30, Snake:2)
  a +0 dire flail
  a +0 robe
(17, 42, Snake:2)
  9 bolts
(18, 19, Snake:2)
  a +0 ring mail
(18, 29, Snake:2)
  a +0 shortbow of flaming
  26 arrows
(18, 30, Snake:2)
  a +0 dagger
  a +0 robe
(18, 31, Snake:2)
  a +0 spear
(20, 41, Snake:2)
  a bolt
(22, 40, Snake:2)
  2 bolts
(27, -5, Snake:2)
  a +0 flail
  a +1 robe of magic resistance
(27, -4, Snake:2)
  a +0 broad axe
  a +0 spear
  a +0 robe
(28, -5, Snake:2)
  a +0 whip
(28, -4, Snake:2)
  a +0 war axe
  a +0 robe
  a +0 hand axe
(28, 26, Snake:2)
  a +0 glaive
(28, 33, Snake:2)
  19 sling bullets
(29, -4, Snake:2)
  a +0 trident
(29, -3, Snake:2)
  a +0 halberd
  a +0 robe
(34, -7, Snake:2)
  a book of Conjurations
(34, 2, Snake:2)
  a +0 halberd
  a +0 robe
(36, 3, Snake:2)
  a +1 dire flail of holy wrath
(46, 30, Snake:2)
  a +2 hand crossbow of flaming
(46, 31, Snake:2)
  3 scrolls of magic mapping
(46, 32, Snake:2)
  a +0 trident
(48, 37, Snake:2)
  a +0 short sword
(50, 9, Snake:2)
  a +0 hand axe
  a +1 robe of the Archmagi
(51, 49, Snake:2)
  an arrow
(52, 14, Snake:2)
  a +2 dagger of venom
  a +0 robe
(52, 36, Snake:2)
  a +0 hand axe
(52, 50, Snake:2)
  a +2 flail of protection
(52, 51, Snake:2)
  a +0 shortbow of flaming
  7 arrows
(53, 51, Snake:2)
  a +0 battleaxe
  a +0 robe
  a +0 trident
(56, 22, Snake:2)
  a +0 scimitar
(61, 0, Snake:2)
  a book of Flames
(62, 48, Snake:2)
  a +0 spear
(70, -5, Snake:2)
  a +2 ring of dexterity
  an uncursed ring of magical power
  an uncursed amulet of magic regeneration

Level 3 of the Snake Pit
(0, 0, Snake:3)
  a +0 quarterstaff
  a +1 robe of positive energy
(1, -35, Snake:3)
  a +0 short sword
  a +0 robe
  a +0 shield
(1, 0, Snake:3)
  a +0 quarterstaff
  a +0 robe
  a +0 short sword
  a +0 robe
(2, -36, Snake:3)
  a cursed +0 halberd
  a +0 robe
(2, -21, Snake:3)
  a cursed -2 trident
(3, -8, Snake:3)
  a +0 shield
  a +7 morningstar of protection
  a +0 plate armour
(16, -14, Snake:3)
  a +0 longbow
  a +0 mace
  16 arrows
  a +0 robe
(17, -14, Snake:3)
  8 arrows
(18, -14, Snake:3)
  2 arrows
(20, -41, Snake:3)
  a +0 pair of gloves
(20, -15, Snake:3)
  2 arrows
(20, -13, Snake:3)
  a +0 halberd
(21, -16, Snake:3)
  a +0 scimitar
(21, -15, Snake:3)
  a +0 robe
  a +0 battleaxe
(24, -18, Snake:3)
  a +0 glaive
  a +0 pair of gloves
(24, -17, Snake:3)
  a +0 dire flail
(24, -16, Snake:3)
  a +0 robe
  a +0 whip
(24, -9, Snake:3)
  22 arrows
(25, 17, Snake:3)
  a +0 spear
  a +0 robe
(32, -22, Snake:3)
  a +0 robe
(32, 8, Snake:3)
  a +0 scale mail
(32, 10, Snake:3)
  a +0 ring mail
(34, 10, Snake:3)
  13 poisoned needles
(37, -2, Snake:3)
  a +0 glaive of venom
(38, -1, Snake:3)
  a +1 flail of crushing
  a +0 robe
(38, 0, Snake:3)
  a +0 halberd
(39, -1, Snake:3)
  a +0 glaive
  a +0 glaive
  a +0 robe
(39, 0, Snake:3)
  a +0 glaive
(40, 1, Snake:3)
  17 arrows
(41, -37, Snake:3)
  a +0 glaive
(41, -36, Snake:3)
  a +0 robe
  a +0 halberd
(41, -35, Snake:3)
  a +0 robe
  a +0 glaive
(42, -37, Snake:3)
  a +0 short sword
  a +0 robe
  a +0 shortbow of flaming
  17 arrows
(42, -36, Snake:3)
  a +0 battleaxe
(42, -35, Snake:3)
  7 arrows
  a +0 shortbow of flaming
(42, -34, Snake:3)
  a +0 robe
  a +0 glaive
(44, -37, Snake:3)
  an arrow
(45, 12, Snake:3)
  a +0 ring mail of poison resistance
(46, -41, Snake:3)
  an uncursed staff of earth
(48, 1, Snake:3)
  a +0 quarterstaff
  a +0 robe
(48, 2, Snake:3)
  a +0 war axe
  a cursed +0 robe
  a +0 robe
(49, -37, Snake:3)
  an arrow
(49, -36, Snake:3)
  an arrow
(49, 1, Snake:3)
  a +0 long sword
(51, 3, Snake:3)
  a +0 short sword
  a +0 robe
(55, -20, Snake:3)
  a +0 scimitar of venom
  a +0 robe
(56, 9, Snake:3)
  6 tomahawks
(60, -34, Snake:3)
  a +0 hand axe
(62, -11, Snake:3)
  a +4 hand axe

Level 4 of the Snake Pit
(0, 0, Snake:4)
  a +0 scimitar
(3, 7, Snake:4)
  a +0 leather armour
(5, 30, Snake:4)
  3 arrows
(7, 32, Snake:4)
  an arrow
(8, 32, Snake:4)
  2 arrows
(9, 32, Snake:4)
  2 bolts
(10, 12, Snake:4)
  2 tomahawks
(10, 16, Snake:4)
  9 arrows
  14 bolts
(10, 17, Snake:4)
  a +0 flail
  a +0 robe
(10, 32, Snake:4)
  2 arrows
  2 bolts
(11, 15, Snake:4)
  2 bolts
(11, 16, Snake:4)
  a cursed -1 hand axe
  a +0 shield
  a naga corpse (skeletalised by now)
(11, 17, Snake:4)
  a +0 arbalest
  a +0 flail
  4 bolts
  a +0 short sword
  a +0 robe
  a naga corpse (skeletalised by now)
(11, 31, Snake:4)
  an arrow
(11, 32, Snake:4)
  4 arrows
  14 bolts
(11, 33, Snake:4)
  a +0 flail
  (unseen)
(12, 9, Snake:4)
  a +0 robe
(12, 14, Snake:4)
  2 arrows
(12, 30, Snake:4)
  a +0 spear
  (unseen)
(12, 31, Snake:4)
  a +0 club
  (unseen)
(12, 32, Snake:4)
  a +0 dire flail (still there?)
  9 arrows (still there?)
  12 bolts (still there?)
  a +4 dagger of venom (still there?)
  a +0 robe (still there?)
  a naga corpse (still there?)
(12, 33, Snake:4)
  a +0 robe
  (unseen)
(13, 11, Snake:4)
  a +0 short sword
  a +0 robe
(13, 12, Snake:4)
  a +3 dagger of venom
  a +0 robe
  a cursed -2 halberd
  a naga corpse (skeletalised by now)
(13, 30, Snake:4)
  a +0 halberd
  (unseen)
(13, 31, Snake:4)
  a +0 dagger of venom
  a +0 robe
(13, 32, Snake:4)
  a +0 war axe (still there?)
  9 bolts (still there?)
  a cursed -3 whip (still there?)
  a +0 mace (still there?)
  a naga corpse (still there?)
(14, 7, Snake:4)
  a +0 whip
  a +0 robe
  a naga corpse
(14, 11, Snake:4)
  a +0 glaive
  a cursed +0 robe
  a +0 dire flail
  a naga corpse (skeletalised by now)
  a naga corpse (skeletalised by now)
(14, 12, Snake:4)
  8 bolts
(14, 13, Snake:4)
  a +0 scimitar
  a +0 robe
  a cursed -1 short sword
  a +0 glaive
  a naga corpse (skeletalised by now)
  a naga corpse (skeletalised by now)
(14, 31, Snake:4)
  a +0 trident
  a -2 arbalest
  a +0 battleaxe
  a naga corpse
  a naga corpse
(14, 32, Snake:4)
  a +0 flail
  a +0 robe
(14, 36, Snake:4)
  a serpentine rune of Zot
(15, 3, Snake:4)
  a +0 scimitar
  a +0 shield
(15, 4, Snake:4)
  6 bolts
(15, 5, Snake:4)
  a +0 shortbow
  a +0 mace
  a +0 whip
  6 bolts
  a naga corpse
  a naga corpse
(15, 6, Snake:4)
  a +0 flail of draining
  a cursed +0 robe
  a +2 dagger of venom
  a cursed +0 robe
  a +0 dire flail
  a +1 arbalest of flaming
  a cursed +0 robe
  a +0 spear
  a +0 robe
  a naga corpse
  a naga corpse
(15, 7, Snake:4)
  a +0 dire flail
  a +0 halberd
  a +0 robe
  a naga corpse
(15, 12, Snake:4)
  a +2 long sword of protection
  a +0 robe
  a naga corpse (skeletalised by now)
(15, 13, Snake:4)
  a +0 dire flail
  a +0 glaive
  a +0 robe
(16, 4, Snake:4)
  a +0 mace
  a +0 robe
  a cursed +0 shield
  a +0 flail
  a naga corpse
(17, 18, Snake:4)
  24 sling bullets
(21, -11, Snake:4)
  a +0 long sword
(39, 20, Snake:4)
  a +0 arbalest
  a +0 glaive
  a +0 robe
  16 bolts
  a +0 long sword
  a +1 arbalest of velocity
  a naga corpse (skeletalised by now)
(39, 21, Snake:4)
  a +0 arbalest
  a +0 hand axe
  27 bolts
  14 arrows
  a +0 mace
  a +0 shortbow
(39, 27, Snake:4)
  a bolt
(40, 22, Snake:4)
  19 bolts
  7 arrows
(41, 23, Snake:4)
  a bolt
(41, 24, Snake:4)
  a bolt
(41, 25, Snake:4)
  a bolt
(42, -12, Snake:4)
  5 javelins
(42, 22, Snake:4)
  an arrow
(42, 27, Snake:4)
  7 bolts
(43, 27, Snake:4)
  a +0 arbalest of flaming
  a +0 naga barding of cold resistance
(43, 32, Snake:4)
  a scroll of random uselessness
(44, 26, Snake:4)
  24 stones
(44, 27, Snake:4)
  3 bolts
(45, 23, Snake:4)
  an arrow
(45, 26, Snake:4)
  a bolt
(46, 24, Snake:4)
  9 arrows
(46, 25, Snake:4)
  a +0 robe
(47, 24, Snake:4)
  a +0 morningstar
(47, 27, Snake:4)
  a +0 battleaxe
(54, 3, Snake:4)
  a +0 war axe

