Oddysee

Level 1 of the Dungeon
(1, 50, D:1)
  a +0 club
(8, 35, D:1)
  a +0 club
(9, 2, D:1)
  a +0 dagger
(9, 46, D:1)
  28 bolts
(12, 32, D:1)
  a +0 leather armour
(12, 33, D:1)
  a +0 robe
(14, 16, D:1)
  a cursed -2 club
(21, 11, D:1)
  a +0 dagger
(30, 6, D:1)
  a +0 dagger
(32, 16, D:1)
  a +0 club
(37, 51, D:1)
  a +0 hunting sling

Level 2 of the Dungeon
(0, 0, D:2)
  a +0 hunting sling
(4, 16, D:2)
  27 stones
(6, 17, D:2)
  22 stones
(9, 21, D:2)
  a +0 club
(11, 6, D:2)
  a +0 ring mail
(12, -10, D:2)
  a +0 whip
(12, -6, D:2)
  a potion of degeneration
  a scroll of teleportation
(12, 23, D:2)
  a +0 short sword
(13, 33, D:2)
  a +0 ring mail
(14, 10, D:2)
  a +0 hand axe
(15, -4, D:2)
  19 stones
(15, 8, D:2)
  a +0 short sword
(21, -14, D:2)
  a +0 club
(27, 44, D:2)
  a +0 short sword
(36, 22, D:2)
  21 stones
(39, 8, D:2)
  a +0 whip
(39, 11, D:2)
  20 arrows
(47, 21, D:2)
  a +0 club
(47, 22, D:2)
  a +0 club
  a +0 robe
(51, 4, D:2)
  a +0 short sword
  a stone
(53, 5, D:2)
  a stone
(55, 6, D:2)
  2 stones

Level 3 of the Dungeon
(0, 0, D:3)
  a +3 dagger of draining
  a +0 hunting sling
  17 stones
(0, 3, D:3)
  a stone
(0, 5, D:3)
  2 stones
(1, 5, D:3)
  a stone
(3, 28, D:3)
  a cursed -2 mace
(6, 38, D:3)
  a +0 falchion
(15, 25, D:3)
  a cursed -2 short sword
  a +0 leather armour
(15, 26, D:3)
  a +0 hand axe
(15, 29, D:3)
  23 bolts
(16, 37, D:3)
  a +0 centaur barding
(16, 52, D:3)
  a scroll of teleportation
(21, 7, D:3)
  a +0 dagger
(27, -2, D:3)
  a +0 short sword
(27, 1, D:3)
  a stone
(27, 2, D:3)
  a stone
(27, 3, D:3)
  a stone
(35, 5, D:3)
  28 bolts
(41, -5, D:3)
  a +0 club
  a +0 halberd
(44, 25, D:3)
  a +0 whip
(46, 18, D:3)
  a cursed -3 hand axe
(48, 18, D:3)
  a +0 short sword
(51, 14, D:3)
  a scroll of teleportation
(51, 53, D:3)
  a +0 helmet
(52, 14, D:3)
  14 arrows
(57, -1, D:3)
  a +0 flail
  a +0 leather armour
(57, 35, D:3)
  a +0 dagger
(62, 26, D:3)
  an uncursed ring of ice

Level 4 of the Dungeon
[Shop] Sehalima's Food Emporium
  a ration (65 gold)
  a ration (65 gold)
  a ration (65 gold)
  a ration (65 gold)
  a ration (65 gold)
  a ration (65 gold)
  a ration (65 gold)
  a ration (65 gold)
  a ration (65 gold)
  a ration (65 gold)
[Shop] Xune's Book Shoppe
  Sif Muna's Compendium of Ice and Ignition (860 gold)
    Spells                           Type                      Level
     a - Freeze                       Ice                           1
     b - Metabolic Englaciation       Hexes/Ice                     5
     c - Ozocubu's Refrigeration      Ice                           6
     d - Ring of Flames               Charms/Fire                   7
  a book of Flames (455 gold)
  a book of Minor Magic (260 gold)
  a book of Callings (390 gold)
  a Young Poisoner's Handbook (520 gold)
  a book of Callings (390 gold)
  a book of Beasts (715 gold)
  The Foundations of Witchery (546 gold)
    Spells                           Type                      Level
     a - Swiftness                    Charms/Air                    2
     b - Shroud of Golubria           Charms/Translocation          2
     c - Searing Ray                  Conjuration                   2
     d - Throw Frost                  Conjuration/Ice               2
     e - Call Imp                     Summoning                     2
  the Handbook of Entrancing Blows and Bruises (1007 gold)
    Spells                           Type                      Level
     a - Throw Frost                  Conjuration/Ice               2
     b - Bolt of Draining             Conjuration/Necromancy        5
     c - Bolt of Magma                Conjuration/Fire/Earth        5
     d - Discord                      Hexes                         8
  a book of Fire (845 gold)
  a book of Maledictions (325 gold)
[Shop] Egiffo's Distillery
  a potion of heal wounds (55 gold)
  a potion of cancellation (88 gold)
  a potion of berserk rage (55 gold)
  a potion of brilliance (44 gold)
  a potion of curing (33 gold)
  a potion of heal wounds (55 gold)
  a potion of heal wounds (55 gold)
  a potion of haste (110 gold)
  a potion of curing (33 gold)
  a potion of heal wounds (55 gold)
[Shop] Punapp's Food Shop
  a ration (60 gold)
  a ration (60 gold)
  a ration (60 gold)
  a ration (60 gold)
  a ration (60 gold)
  a ration (60 gold)
  a ration (60 gold)
[Shop] Tantoecu's Food Emporium
  a ration (70 gold)
  a ration (70 gold)
  a ration (70 gold)
  a ration (70 gold)
  a ration (70 gold)
  a ration (70 gold)
  a ration (70 gold)
  a ration (70 gold)
  a ration (70 gold)
  a ration (70 gold)
  a ration (70 gold)
  a ration (70 gold)
  a ration (70 gold)
(0, 0, D:4)
  a +2 flail of protection
  a +1 war axe
(6, -22, D:4)
  a +0 flail
(18, -37, D:4)
  23 stones
(27, -26, D:4)
  a +0 club
(37, -26, D:4)
  an uncursed amulet of inaccuracy
(45, -9, D:4)
  a +0 hunting sling
(45, 21, D:4)
  a +0 war axe
(46, -36, D:4)
  a +0 leather armour
(46, -22, D:4)
  a scroll of teleportation
(52, -35, D:4)
  a +0 club
(68, 20, D:4)
  8 poisoned needles

Level 5 of the Dungeon
(0, 0, D:5)
  a +0 trident
(2, -1, D:5)
  a +0 hand axe
(3, 12, D:5)
  a scroll of teleportation
(13, -20, D:5)
  17 stones
(14, -11, D:5)
  a +0 leather armour
(16, 14, D:5)
  a potion of lignification
(17, 4, D:5)
  a cursed +0 falchion
  a +0 scale mail
  a +0 club
  a +2 leather armour of positive energy
  a +0 dagger
  a cursed +0 robe
(19, 12, D:5)
  a +0 flail
(20, 3, D:5)
  a +0 dagger
  a +0 robe
  a +0 falchion
(24, -17, D:5)
  a +0 trident
(25, -13, D:5)
  a +3 dagger
(27, 19, D:5)
  an arrow
(28, 19, D:5)
  an arrow
(29, 19, D:5)
  2 arrows
(30, 19, D:5)
  an arrow
(31, -11, D:5)
  a +0 scale mail
(31, 19, D:5)
  an arrow
(32, 20, D:5)
  an arrow
(32, 21, D:5)
  a +0 giant club
(33, 19, D:5)
  a +0 shortbow
  4 arrows
(45, 10, D:5)
  13 bolts

Level 6 of the Dungeon
(2, -14, D:6)
  a +0 falchion
  a +0 robe
(6, -14, D:6)
  a +0 mace of protection
  a +0 chain mail
  a +2 flail of freezing
  a +0 robe
  a +3 great sword
  a +0 robe
(7, 0, D:6)
  a +0 scale mail
(8, -5, D:6)
  a +0 hand axe
  a +0 flail
  3 tomahawks
(8, -3, D:6)
  a tomahawk
  a +0 club
  a +0 chain mail
  an orc corpse (skeletalised by now)
(8, -2, D:6)
  a tomahawk
(8, 9, D:6)
  a +0 giant spiked club
  an ogre corpse (skeletalised by now)
(10, 11, D:6)
  an iguana corpse (skeletalised by now)
(11, -14, D:6)
  a +0 robe
(12, 10, D:6)
  a +0 robe
(19, 17, D:6)
  a +0 flail
(22, -22, D:6)
  23 bolts
(22, -20, D:6)
  3 arrows
(22, -18, D:6)
  a +0 shortbow
  13 arrows
  a centaur skeleton
(22, 18, D:6)
  an adder corpse (skeletalised by now)
(23, -19, D:6)
  an arrow
(23, 7, D:6)
  a +0 trident
(24, 18, D:6)
  a leopard gecko corpse (skeletalised by now)
(26, 16, D:6)
  a +0 war axe
(27, -9, D:6)
  22 stones
(37, -20, D:6)
  a +0 quarterstaff
(41, 18, D:6)
  2 tomahawks
(42, 16, D:6)
  2 tomahawks
(42, 17, D:6)
  a tomahawk
  a +0 trident
  a +0 hand axe of flaming
  a +0 leather armour
  a +0 dagger
  a +0 hand axe
  a +0 giant spiked club
  an orc corpse
(42, 18, D:6)
  a +0 chain mail
  (unseen)
(43, 18, D:6)
  a +0 mace

