Oddysee

Level 1 of the Dungeon
(0, 0, D:1)
  a +0 robe
(0, 1, D:1)
  12 stones
(0, 5, D:1)
  17 arrows
(4, 3, D:1)
  a +0 dagger
  3 stones
(4, 6, D:1)
  a stone
(5, 19, D:1)
  24 stones
(9, 21, D:1)
  a +0 club
(12, -2, D:1)
  21 stones
(14, 19, D:1)
  a stone
(24, 5, D:1)
  14 sling bullets
(27, 27, D:1)
  a +0 club
(27, 33, D:1)
  a +0 dagger
(31, -10, D:1)
  a +0 whip
(34, -5, D:1)
  17 stones
(34, 28, D:1)
  a +0 club
  a +0 leather armour
(36, 28, D:1)
  a +0 dagger
(52, 39, D:1)
  18 bolts

Level 2 of the Dungeon
(0, 0, D:2)
  a +0 leather armour
(1, -20, D:2)
  19 arrows
(2, -6, D:2)
  a +0 dagger
(8, -20, D:2)
  19 poisoned needles
(9, -11, D:2)
  a +0 dagger
(16, -30, D:2)
  a stone
(18, -29, D:2)
  27 stones
(18, -28, D:2)
  a +0 club
  20 stones
(21, -15, D:2)
  a scroll of immolation
(28, -40, D:2)
  a cursed -2 club
(40, -36, D:2)
  a +0 dagger
  a +0 robe
(45, -20, D:2)
  a +0 mace of venom
(45, -18, D:2)
  a +0 mace
(46, -20, D:2)
  a +2 quarterstaff of chaos
(47, -24, D:2)
  a +0 mace
(47, -23, D:2)
  a +0 mace
(47, -19, D:2)
  a +0 mace of draining
(47, -18, D:2)
  a +0 mace
(48, -25, D:2)
  a +0 mace

Level 3 of the Dungeon
(0, 0, D:3)
  a +0 hunting sling
(1, 3, D:3)
  a +0 leather armour
  a +0 flail
(2, 1, D:3)
  a +0 whip
(5, -11, D:3)
  a +0 buckler
(13, 14, D:3)
  a +0 ring mail
  a +0 scale mail
  a +0 mace
  a cursed -1 club
(14, 14, D:3)
  a +0 leather armour
  a +0 mace
(15, -10, D:3)
  9 poisoned needles
(16, -11, D:3)
  25 stones
(16, 3, D:3)
  4 curare-tipped needles
(21, 11, D:3)
  a +0 dagger
(21, 13, D:3)
  22 arrows
(25, 28, D:3)
  17 arrows
(34, 8, D:3)
  18 stones
(34, 18, D:3)
  a +0 whip
(40, 5, D:3)
  a +0 flail
  a +0 scale mail
  a +3 hand axe of venom
  a +0 club
  a +0 hand axe
  a +0 leather armour
(42, 2, D:3)
  13 poisoned needles

Level 4 of the Dungeon
(22, -36, D:4)
  a +0 flail
(25, -35, D:4)
  a +0 scale mail
(26, -53, D:4)
  17 arrows
(26, -13, D:4)
  a +0 giant club
(43, -23, D:4)
  20 bolts
(44, -44, D:4)
  a +0 club
(44, -23, D:4)
  a +0 club
  a +0 ring mail
(44, -22, D:4)
  a +0 dagger
  a +0 leather armour
(45, -22, D:4)
  a +0 falchion
(46, -44, D:4)
  a +0 quarterstaff
(46, -22, D:4)
  a +0 mace
  a cursed +0 leather armour
(47, -30, D:4)
  a +0 dagger
  a +0 robe
(48, -30, D:4)
  a +0 dagger
(48, -29, D:4)
  18 sling bullets
(49, -30, D:4)
  a +2 hand axe of chopping
  a +0 leather armour
(49, -29, D:4)
  a +0 hand axe
(49, -27, D:4)
  a +1 leather armour of poison resistance

Level 5 of the Dungeon
(14, -11, D:5)
  27 bolts
(21, -3, D:5)
  a +0 scale mail
  a +0 dagger
  a +0 robe
(21, 2, D:5)
  18 stones
(22, -3, D:5)
  a +0 club
(26, -36, D:5)
  a cursed staff of air
(27, 2, D:5)
  31 stones
(42, -21, D:5)
  a +0 robe

Level 6 of the Dungeon
(0, 0, D:6)
  8 bolts
(3, -1, D:6)
  a potion of lignification
(4, -3, D:6)
  a +0 scale mail
(4, -2, D:6)
  4 tomahawks
  a +2 mace of crushing
(5, -3, D:6)
  a +0 war axe
(5, -1, D:6)
  a +0 flail
(6, -3, D:6)
  a +0 hand axe
(6, -2, D:6)
  a +0 robe
  a +0 dagger
(11, -5, D:6)
  a +1 flail
(15, 13, D:6)
  a +0 scale mail
  a +0 dagger
(15, 14, D:6)
  a +0 ring mail
  a +0 spear
  a +0 whip
  a +0 club
  a +0 hand axe
  a +0 dagger
  a +0 leather armour
  a +0 dagger
  a +0 leather armour
  a +0 hand axe
  a +0 leather armour
(15, 18, D:6)
  a +0 robe
(16, 13, D:6)
  a +0 flail
(21, 20, D:6)
  19 bolts
(24, 26, D:6)
  a +0 leather armour
(25, 18, D:6)
  a +0 cloak
(26, 3, D:6)
  a +0 falchion

Level 7 of the Dungeon
(0, 0, D:7)
  a -2 helmet
(6, -1, D:7)
  16 arrows
(20, -5, D:7)
  a +0 war axe
  a +0 scale mail
(22, -6, D:7)
  a throwing net
(23, -11, D:7)
  10 poisoned needles
(30, -12, D:7)
  30 sling bullets
(40, -5, D:7)
  a +0 dagger
  16 stones
(40, -3, D:7)
  a +0 dagger
  a +0 robe
(41, -7, D:7)
  a +0 dagger
  a +0 robe
(41, -5, D:7)
  a +0 flail
  a +0 scale mail
(41, -3, D:7)
  a +0 dagger
  a +0 robe
  a +0 whip
(42, -3, D:7)
  a +3 short sword
(43, -7, D:7)
  a stone
(46, -17, D:7)
  a +4 quarterstaff of protection
  a +0 hunting sling
  10 sling bullets
  a +0 leather armour
(46, -15, D:7)
  a +0 leather armour
  a +0 hand axe
(48, -15, D:7)
  a sling bullet
  a +0 dagger
  a cursed +0 robe
(48, 4, D:7)
  a +0 chain mail
(49, -14, D:7)
  a sling bullet
(49, -13, D:7)
  3 sling bullets
(64, 3, D:7)
  17 stones

Level 8 of the Dungeon
(0, 0, D:8)
  a +0 short sword
  (unseen)
(2, -3, D:8)
  a +0 falchion
  an orc corpse
(2, -2, D:8)
  a +0 dagger
  a cursed -1 robe
  an orc corpse
(3, -2, D:8)
  a +0 dagger
  a +0 robe
(4, 6, D:8)
  22 stones
(7, -1, D:8)
  a +0 ring mail

the Ecumenical Temple

