Oddysee

Level 1 of the Dungeon
(8, 6, D:1)
  a +0 club
  a +0 leather armour
(8, 10, D:1)
  a +0 club
(11, 19, D:1)
  7 needles of confusion
(21, 5, D:1)
  a +0 club
(54, 4, D:1)
  12 bolts

Level 2 of the Dungeon
(10, 5, D:2)
  a +0 ring mail
(23, 8, D:2)
  a +0 club
(28, 8, D:2)
  a +0 spear
(29, 14, D:2)
  a +0 rapier
(30, 13, D:2)
  a +0 short sword
(33, 7, D:2)
  a +0 short sword

Level 3 of the Dungeon
(0, 0, D:3)
  2 javelins
(1, -9, D:3)
  a jackal skeleton
(1, -8, D:3)
  a +0 club
  a goblin corpse (skeletalised by now)
(1, 1, D:3)
  a +0 leather armour
(2, -8, D:3)
  a +0 club
  a +0 ring mail
  the goblin corpse of Ijyb (skeletalised by now)
(5, -10, D:3)
  a +0 dagger
(5, -3, D:3)
  a +0 hunting sling
(11, -7, D:3)
  a +0 club
(11, -1, D:3)
  a +0 leather armour
  a +0 hunting sling
(12, -11, D:3)
  a +0 hunting sling
(16, -2, D:3)
  10 bolts
(21, 9, D:3)
  a +0 club
(29, 30, D:3)
  a +0 hunting sling
(29, 33, D:3)
  a +0 flail
(36, 30, D:3)
  a +0 ring mail
(38, 5, D:3)
  a +0 dagger
(47, 20, D:3)
  a +0 whip
(62, -3, D:3)
  20 arrows
(63, 39, D:3)
  an uncursed staff of air
(66, 10, D:3)
  a +0 club
(66, 32, D:3)
  a +0 short sword

Level 4 of the Dungeon
(0, 0, D:4)
  a sling bullet
(1, -7, D:4)
  a sling bullet
(1, -1, D:4)
  2 sling bullets
(2, 0, D:4)
  a sling bullet
(3, -3, D:4)
  a sling bullet
(4, -8, D:4)
  a ration
(4, -4, D:4)
  2 sling bullets
(4, -3, D:4)
  a sling bullet
  (unseen)
(4, 3, D:4)
  3 sling bullets
(5, -3, D:4)
  a sling bullet
  (unseen)
(5, 1, D:4)
  13 gold pieces
(6, -1, D:4)
  a sling bullet
(6, 1, D:4)
  16 gold pieces
(7, -7, D:4)
  a +0 giant spiked club
  a worker ant corpse
(7, -3, D:4)
  a sling bullet
  (unseen)
(7, 0, D:4)
  a sling bullet
(8, -8, D:4)
  a +0 giant club
  an ogre corpse
(8, -3, D:4)
  a sling bullet
(8, 1, D:4)
  a sling bullet
(8, 3, D:4)
  a sling bullet
(12, -7, D:4)
  2 potions of haste

