Oddysee

Level 1 of the Dungeon
(9, -2, D:1)
  19 arrows
(15, -2, D:1)
  10 poisoned needles
(18, 7, D:1)
  a +0 club
(18, 9, D:1)
  a +0 club
(23, -38, D:1)
  a cursed -2 club
(26, -31, D:1)
  a +0 leather armour
(27, 21, D:1)
  a cursed +0 club
(35, -33, D:1)
  a +0 ring mail
(50, -18, D:1)
  16 poisoned needles
(56, -8, D:1)
  a +0 dagger
(57, -14, D:1)
  17 arrows

Level 2 of the Dungeon
(0, 0, D:2)
  a +0 club
(1, 55, D:2)
  11 bolts
(5, 44, D:2)
  12 poisoned needles
(6, 32, D:2)
  a +0 long sword
(9, 14, D:2)
  an uncursed ring of attention
(9, 55, D:2)
  a +0 leather armour
(15, 37, D:2)
  a +0 dagger

Level 3 of the Dungeon
(5, -28, D:3)
  a poisoned needle
(5, -27, D:3)
  a poisoned needle
(8, -33, D:3)
  a +0 blowgun
  a poisoned needle
(8, 4, D:3)
  a frilled lizard corpse (skeletalised by now)
(9, -28, D:3)
  a cursed -1 club
(15, -32, D:3)
  a +0 club
(36, -34, D:3)
  a +0 whip
(36, -33, D:3)
  a +0 trident
(36, -7, D:3)
  a +0 dagger
(37, -34, D:3)
  a +0 whip
(48, 7, D:3)
  a +0 club
  a +0 blowgun
  18 poisoned needles
(53, 1, D:3)
  a +0 short sword
  a +0 blowgun
  20 poisoned needles

Level 4 of the Dungeon
(0, 0, D:4)
  a scroll of random uselessness
(2, 2, D:4)
  a scroll of amnesia
(4, 7, D:4)
  13 stones
(5, 20, D:4)
  a stone
(5, 22, D:4)
  4 stones
(6, 6, D:4)
  a stone
(6, 20, D:4)
  a stone
(7, 6, D:4)
  3 stones
(8, 6, D:4)
  a stone
(8, 18, D:4)
  a +0 mace
(9, 18, D:4)
  a stone
(10, 17, D:4)
  a +0 spear (still there?)
  a stone (still there?)
(11, 16, D:4)
  4 stones
(12, 16, D:4)
  a stone
  (unseen)
(12, 22, D:4)
  3 stones
(13, 17, D:4)
  a stone
(14, 18, D:4)
  a stone
(15, 18, D:4)
  a +0 robe
(15, 20, D:4)
  a sling bullet
(16, 21, D:4)
  a stone
(18, 18, D:4)
  a +0 dagger
(31, 21, D:4)
  a +0 giant club
(40, 13, D:4)
  a +0 mace

