Oddysee

Level 1 of the Dungeon
(0, 0, D:1)
  a +0 leather armour
(3, -21, D:1)
  a +0 ring mail
(10, -15, D:1)
  a +0 short sword
(15, -14, D:1)
  a +0 club
(18, 9, D:1)
  4 javelins
(21, 12, D:1)
  30 bolts
(23, 12, D:1)
  a +0 leather armour
(24, -11, D:1)
  an uncursed ring of magical power
(35, 9, D:1)
  a +0 robe
(37, -6, D:1)
  8 bolts

Level 2 of the Dungeon
(0, 0, D:2)
  a +0 whip
(1, -55, D:2)
  18 sling bullets
(9, -19, D:2)
  a +0 club
(12, -17, D:2)
  a +0 dagger
(12, -7, D:2)
  26 stones
(13, -45, D:2)
  a +0 dagger
  15 stones
(13, -11, D:2)
  a +0 animal skin
  a +0 spear
(14, -46, D:2)
  a stone
(17, -10, D:2)
  a +0 chain mail
(24, -28, D:2)
  a +0 ring mail
(35, -20, D:2)
  a cursed -1 leather armour
(37, -14, D:2)
  19 sling bullets
(43, -12, D:2)
  8 curare-tipped needles
(44, -9, D:2)
  a +0 short sword
(52, -33, D:2)
  a +0 club
(58, -25, D:2)
  a +0 mace

Level 3 of the Dungeon
(0, 0, D:3)
  a +0 trident
(7, 8, D:3)
  a +0 ring mail
(17, 17, D:3)
  a +0 club
(19, -16, D:3)
  a +0 whip
(19, 17, D:3)
  a +0 antimagic quarterstaff
(21, -28, D:3)
  a +0 hand axe
(34, -4, D:3)
  11 arrows
(37, 21, D:3)
  a +0 ring mail
(38, -11, D:3)
  a +0 hunting sling
  a +0 ring mail
(38, -9, D:3)
  a +0 club
(41, 3, D:3)
  a +0 club
(41, 4, D:3)
  a +0 club
(48, 6, D:3)
  a +0 blowgun
  11 poisoned needles
(50, -2, D:3)
  17 bolts
(50, 2, D:3)
  a poisoned needle
(50, 3, D:3)
  a poisoned needle
(50, 4, D:3)
  a poisoned needle
(54, -5, D:3)
  a +0 short sword
  a +0 chain mail
(55, -17, D:3)
  19 stones

Level 4 of the Dungeon
[Shop] Kopinit's Gadget Boutique
  a fan of gales (440 gold)
  a lamp of fire (440 gold)
  a wand of paralysis (15) (187 gold)
  a wand of iceblast (8) (132 gold)
  a crystal ball of energy (220 gold)
  a phial of floods (440 gold)
  a sack of spiders (220 gold)
(11, 13, D:4)
  a scroll of immolation
(12, -3, D:4)
  10 stones
(15, 21, D:4)
  a book of Air
(32, 11, D:4)
  27 gold pieces
(32, 23, D:4)
  a +0 club
  a cursed -2 flail
  a +0 leather armour
  a +0 hand axe
  a +0 leather armour
(44, 36, D:4)
  a +0 short sword
  a +0 leather armour
(45, 10, D:4)
  18 stones
(50, 12, D:4)
  a +0 flail
(51, 11, D:4)
  a +0 short sword
  a +0 club
(56, 21, D:4)
  a +0 chain mail

Level 5 of the Dungeon
(0, 0, D:5)
  a +0 spear
(0, 3, D:5)
  a book of Flames
(3, 9, D:5)
  a +0 whip
(10, 1, D:5)
  16 stones
(19, 6, D:5)
  a +0 dagger
  a +0 falchion
(19, 7, D:5)
  a +0 hand axe
  a +0 scale mail
  a +0 dagger
  a +0 robe
(26, 24, D:5)
  16 stones
(32, 3, D:5)
  a +0 shortbow
  25 arrows
(33, 36, D:5)
  a +0 war axe
(36, 2, D:5)
  2 arrows
(40, 7, D:5)
  10 arrows
  a +0 shortbow
(40, 18, D:5)
  a +0 shortbow
  8 arrows
(41, 8, D:5)
  an arrow
(41, 9, D:5)
  an arrow
(41, 16, D:5)
  a +0 leather armour
(42, 11, D:5)
  an arrow
(42, 18, D:5)
  3 arrows
(43, 18, D:5)
  3 arrows
(44, 26, D:5)
  14 bolts
(46, 26, D:5)
  a +0 dagger
(47, 25, D:5)
  a +0 club
  a +0 scale mail
(50, 9, D:5)
  a +0 giant spiked club
(62, 23, D:5)
  a +0 short sword
  a +2 robe of positive energy

Level 6 of the Dungeon
(0, 0, D:6)
  a +0 leather armour
(3, -14, D:6)
  25 bolts
(9, -30, D:6)
  a +0 mace
(9, -12, D:6)
  18 arrows
(10, -29, D:6)
  a +1 mace of protection
(11, -30, D:6)
  a +0 mace
(12, -29, D:6)
  a +0 mace
(13, -29, D:6)
  a +0 mace
(14, -28, D:6)
  a +0 mace
(16, -29, D:6)
  a +0 mace
(16, -28, D:6)
  a +2 quarterstaff of chaos
  a +0 mace
(16, -27, D:6)
  a +0 mace
(17, -29, D:6)
  a +0 mace
(17, -28, D:6)
  a +0 mace
(17, -27, D:6)
  a +0 mace
(18, -29, D:6)
  a +0 mace
(18, -27, D:6)
  a +1 mace of protection
(20, -12, D:6)
  an arrow
(23, -15, D:6)
  an arrow
(24, -24, D:6)
  a +0 ring mail
(24, -22, D:6)
  a +0 club
(24, -16, D:6)
  2 arrows
(24, -3, D:6)
  a +0 giant club
(25, -17, D:6)
  a +0 shortbow
  6 arrows
(27, -5, D:6)
  a +0 long sword
  a +0 chain mail
(28, -29, D:6)
  a +0 ring mail
(28, -24, D:6)
  a cursed ring of teleportation
  a cursed -3 ring of strength
(30, -18, D:6)
  19 stones
(30, -14, D:6)
  a +0 whip
(30, -6, D:6)
  a +0 dagger
(35, 3, D:6)
  a +0 flail
  a +0 chain mail
(43, -26, D:6)
  a +0 flail
  a +0 dagger
  a +0 robe
(44, -26, D:6)
  a +0 hand axe
(44, 4, D:6)
  a +0 scale mail

Level 7 of the Dungeon
(0, 0, D:7)
  a +0 dagger
(1, -13, D:7)
  23 stones
(2, -22, D:7)
  a +0 leather armour
(5, 9, D:7)
  a +0 short sword
(7, -11, D:7)
  a +0 giant club
(8, -1, D:7)
  a +0 scale mail
  a +0 flail
(9, -20, D:7)
  a +0 quarterstaff
(9, -1, D:7)
  a +0 dire flail
  a +0 plate armour
  a +0 giant club
(11, -15, D:7)
  a +0 chain mail
(11, 14, D:7)
  a +0 cloak
(20, -9, D:7)
  a +0 mace
(25, -15, D:7)
  a scroll of immolation
(26, 10, D:7)
  a book of Debilitation
(26, 22, D:7)
  a +0 leather armour
(35, -14, D:7)
  a silver tomahawk
(35, -13, D:7)
  a silver tomahawk
(35, -12, D:7)
  a silver tomahawk
(35, -11, D:7)
  a silver tomahawk
(35, -9, D:7)
  a +0 dagger
  a +0 robe
  a +0 flail
  a silver tomahawk
(42, 13, D:7)
  a +0 war axe
(45, -14, D:7)
  a scroll of amnesia
(48, -14, D:7)
  21 arrows

Level 8 of the Dungeon
(0, 0, D:8)
  a +0 antimagic spear
(1, 24, D:8)
  a +0 hand axe
(3, 5, D:8)
  a +0 flail
(3, 7, D:8)
  a +0 trident
(4, 5, D:8)
  a +0 whip
(5, -1, D:8)
  a +0 leather armour
(5, 9, D:8)
  2 stones
(5, 10, D:8)
  a +0 dagger
  a +0 short sword
(6, 7, D:8)
  2 stones
(6, 10, D:8)
  a +0 club
(9, -9, D:8)
  18 sling bullets
(9, 26, D:8)
  a +0 robe
(11, 2, D:8)
  a +0 scale mail
(12, 19, D:8)
  a +0 robe
(19, 7, D:8)
  a scroll of noise
(28, 0, D:8)
  26 stones
(40, 13, D:8)
  a scroll of amnesia

Level 9 of the Dungeon
(0, 0, D:9)
  a +0 halberd
  a +0 spear
  a +0 spear
  a +0 spear
  a +0 ring mail
(1, 40, D:9)
  a +0 giant spiked club
  a +1 robe of fire resistance
(3, 1, D:9)
  12 sling bullets
(4, 9, D:9)
  a +0 mace
(14, 20, D:9)
  a +0 dagger
(17, 22, D:9)
  a +0 robe
(18, 8, D:9)
  a +0 club
  a +0 ring mail
(18, 9, D:9)
  a +0 club
(19, 9, D:9)
  a +0 mace
  14 stones
  a +0 leather armour
(20, 6, D:9)
  a +0 whip
  a +0 leather armour
(21, 10, D:9)
  a stone
(22, 10, D:9)
  a stone
(26, 11, D:9)
  a +0 short sword
(27, 14, D:9)
  a +0 scale mail
(28, 11, D:9)
  a +0 dagger
  a +0 leather armour
(29, 10, D:9)
  a +2 dagger of holy wrath
  a +0 robe
(30, 10, D:9)
  a +0 dagger
(31, 14, D:9)
  5 tomahawks
(36, -6, D:9)
  a +0 leather armour
  a +0 dagger
(36, -3, D:9)
  a +0 centaur barding
(37, -5, D:9)
  a +0 ring mail
  a +0 hand axe
  a +0 dagger
  a cursed +0 robe
(37, 3, D:9)
  a +0 club
  a +0 falchion
  a +0 robe
  a +1 dagger of venom
  a +0 dagger
  a +0 dagger
  a +0 robe
(37, 4, D:9)
  a +0 dagger
  a +0 robe
  a cursed -3 falchion
  a +0 leather armour
(37, 5, D:9)
  a +4 mace
  a +0 robe
  a +0 robe
(39, -7, D:9)
  a +0 dagger
(41, -1, D:9)
  a +0 robe
(43, 15, D:9)
  8 bolts
(46, -9, D:9)
  a +0 ring mail
(46, 1, D:9)
  19 bolts
(50, 38, D:9)
  an uncursed staff of wizardry
(53, 32, D:9)
  a +0 spear

Level 10 of the Dungeon
(0, 0, D:10)
  an uncursed ring of resist corrosion
(3, 17, D:10)
  3 large rocks
(7, -2, D:10)
  13 stones
(7, 17, D:10)
  16 stones
(8, -10, D:10)
  a +0 dagger
(9, -8, D:10)
  a +0 dagger
  a +0 robe
(17, 19, D:10)
  a +0 club
  a +0 dagger
  a +0 flail
  a +0 leather armour
  a +0 falchion
(18, 12, D:10)
  a +0 whip
(18, 20, D:10)
  a +0 dagger
  a +0 robe
(26, 25, D:10)
  a cursed -1 short sword
  a cursed +0 cloak
(41, 38, D:10)
  19 arrows
(44, 4, D:10)
  a +0 robe
(44, 38, D:10)
  a +0 dagger

Level 1 of the Lair of Beasts
(0, 0, Lair:1)
  9 stones
(3, -32, Lair:1)
  20 stones
(7, 3, Lair:1)
  a cursed +0 cloak
  a +0 chain mail
  a -2 plate armour
(13, -43, Lair:1)
  a +3 spear of venom
  a cursed +0 trident of piercing
  a +2 spear
  a +3 trident
  a +1 quarterstaff of draining
(16, 8, Lair:1)
  a cursed -2 hunting sling
(25, -19, Lair:1)
  26 arrows
(27, -28, Lair:1)
  a +0 trident
(29, -27, Lair:1)
  a +0 pair of gloves
(31, -11, Lair:1)
  the +2 dagger of the Revolution {elec, rF+ rN+ MR- Str+7}
    Occasionally, upon striking a foe, it will discharge some electrical energy
    and cause terrible harm.
    
    It affects your strength (+7).
    It protects you from fire.
    It protects you from negative energy.
    It affects your resistance to hostile enchantments.
(33, -26, Lair:1)
  a +0 leather armour
(36, 7, Lair:1)
  a cursed +0 hand axe
(37, -37, Lair:1)
  a book of Battle
(37, -7, Lair:1)
  a +0 robe
(43, -35, Lair:1)
  a +0 mace of venom
(49, -9, Lair:1)
  a +0 spear

Level 2 of the Lair of Beasts
(0, 0, Lair:2)
  a +0 pair of boots
  3 potions of degeneration
(3, -17, Lair:2)
  a +0 quarterstaff
(4, -19, Lair:2)
  a book of Necromancy
(4, -7, Lair:2)
  14 sling bullets
(11, -11, Lair:2)
  a +0 flail
(18, 5, Lair:2)
  22 stones
(38, -18, Lair:2)
  16 arrows
(54, -23, Lair:2)
  20 bolts

Level 3 of the Lair of Beasts
(0, 0, Lair:3)
  2 potions of degeneration
(9, -7, Lair:3)
  21 bolts
(12, -10, Lair:3)
  a +0 dagger
  a +0 robe
(17, -8, Lair:3)
  a book of Party Tricks
(17, -7, Lair:3)
  2 needles of sleeping
(19, -18, Lair:3)
  a +0 chain mail
(21, -5, Lair:3)
  a +0 club
(24, -23, Lair:3)
  a scroll of amnesia
(24, -20, Lair:3)
  17 bolts
(34, 2, Lair:3)
  a +0 dagger
(37, -3, Lair:3)
  a +0 helmet
(38, -44, Lair:3)
  9 poisoned needles
(48, 3, Lair:3)
  a +0 glaive
(51, -10, Lair:3)
  a +0 hand crossbow
(60, 3, Lair:3)
  18 stones

Level 4 of the Lair of Beasts
(1, 7, Lair:4)
  a +0 leather armour
(5, -28, Lair:4)
  a +0 quarterstaff
(5, 12, Lair:4)
  a +0 hand axe
(12, -15, Lair:4)
  a +0 great mace of holy wrath
  a +2 ring mail of fire resistance
(12, -8, Lair:4)
  14 arrows
(21, -1, Lair:4)
  a +0 falchion
(24, -11, Lair:4)
  4 large rocks
(30, -4, Lair:4)
  a +0 flail
(30, -3, Lair:4)
  4 arrows
(31, -27, Lair:4)
  a cursed -1 pair of gloves
(32, -4, Lair:4)
  a +0 shortbow
  a +0 shortbow
  a +1 shortbow of flaming
  a +0 shortbow
  70 arrows
(33, -17, Lair:4)
  a +0 leather armour
(35, 2, Lair:4)
  20 stones
(37, 7, Lair:4)
  16 arrows
(37, 8, Lair:4)
  a potion of degeneration

Level 5 of the Lair of Beasts
(1, 22, Lair:5)
  a +0 great sword
  5 javelins of returning
  a +0 chain mail
(4, -24, Lair:5)
  15 stones
(6, 25, Lair:5)
  a javelin of returning
(23, 26, Lair:5)
  a +2 hand crossbow of flaming
(43, 20, Lair:5)
  a +0 ring mail
(56, -22, Lair:5)
  a +0 cloak
(57, 19, Lair:5)
  a +2 short sword of venom
  a +0 blowgun
(59, 18, Lair:5)
  a curare-tipped needle
(60, 16, Lair:5)
  2 curare-tipped needles
(61, 15, Lair:5)
  a curare-tipped needle
(62, 14, Lair:5)
  a curare-tipped needle
(62, 23, Lair:5)
  a curare-tipped needle

Level 6 of the Lair of Beasts
(1, 0, Lair:6)
  a +1 hunting sling of freezing
(21, -20, Lair:6)
  a +0 scale mail
(39, -12, Lair:6)
  14 stones
(45, -6, Lair:6)
  the cursed +1 chain mail "Zuhofung" {rPois rC- Str+2 Int+8}
    It affects your strength (+2).
    It affects your intelligence (+8).
    It makes you vulnerable to cold.
    It protects you from poison.
    It has a curse placed upon it.
(51, -10, Lair:6)
  a +0 lajatang
(55, -22, Lair:6)
  a +0 long sword

