Zelec

Level 1 of the Dungeon
(0, 0, D:1)
  22 arrows
(2, 33, D:1)
  a +0 club
(7, 11, D:1)
  a +0 dagger
(7, 33, D:1)
  a +0 club
(9, -13, D:1)
  27 stones
(14, 30, D:1)
  a +0 dagger
(21, -10, D:1)
  a +0 club
(27, 22, D:1)
  20 stones
(27, 26, D:1)
  a +0 short sword
(30, 21, D:1)
  a +0 robe
(31, 26, D:1)
  a +0 hunting sling
(34, 23, D:1)
  a +0 club
(36, 24, D:1)
  a +0 club
(41, 30, D:1)
  24 stones
(46, -15, D:1)
  a +0 club
(54, 1, D:1)
  a +0 short sword
(67, -3, D:1)
  2 stones

Level 2 of the Dungeon
(0, 0, D:2)
  a +0 dagger
(2, 10, D:2)
  a +0 short sword
(2, 14, D:2)
  a +0 mace
  a stone
(4, 15, D:2)
  a stone
(4, 17, D:2)
  a stone
(8, -2, D:2)
  a +0 ring mail
(13, -13, D:2)
  13 stones
(19, -12, D:2)
  14 stones
(20, 14, D:2)
  a +0 plate armour
(20, 31, D:2)
  a +0 club
(23, 10, D:2)
  a +0 spear
(23, 11, D:2)
  a +0 halberd
(32, 25, D:2)
  a +0 scythe
  a +0 robe
(36, 12, D:2)
  a +0 short sword
(43, 20, D:2)
  a +0 club
(44, 16, D:2)
  a +0 hunting sling
  29 stones
(44, 17, D:2)
  a +0 club
(44, 18, D:2)
  a +0 dagger
  a +0 animal skin
  a +0 helmet
  a +0 dagger
  a +0 short sword
  a +0 scale mail
  a +0 club
(44, 20, D:2)
  a +0 dagger
(44, 23, D:2)
  a stone
(44, 26, D:2)
  a +0 mace
(45, 27, D:2)
  a +0 mace
(50, 6, D:2)
  3 stones
(50, 7, D:2)
  3 stones
(51, -5, D:2)
  7 stones
(51, 6, D:2)
  a +0 hunting sling
  13 stones
(51, 12, D:2)
  a +0 dagger

Level 3 of the Dungeon
(0, 0, D:3)
  a +0 ring mail
(1, -5, D:3)
  a +0 trident
(1, -4, D:3)
  a +0 war axe
(1, -2, D:3)
  a +0 club
  a +0 hunting sling
  13 stones
(3, -10, D:3)
  a +0 spear
(3, -4, D:3)
  a cursed +0 leather armour
(3, -3, D:3)
  a tomahawk
(3, 22, D:3)
  a +0 club
  a +0 whip
  a kobold corpse (skeletalised by now)
(4, -8, D:3)
  2 stones
(4, -4, D:3)
  a +0 short sword
  a +0 chain mail
  a stone
  a tomahawk
(4, -3, D:3)
  2 tomahawks
(5, -4, D:3)
  a stone
(6, -4, D:3)
  a stone
(17, 26, D:3)
  5 needles of frenzy
(23, 11, D:3)
  a +0 club
(23, 23, D:3)
  a cursed +0 club
(25, -2, D:3)
  a +0 whip
(28, 9, D:3)
  a +0 short sword
  4 stones
  a kobold corpse (skeletalised by now)
(38, 8, D:3)
  17 arrows
(44, 22, D:3)
  9 stones
(47, 18, D:3)
  a rat skeleton
(51, 17, D:3)
  13 stones

Level 4 of the Dungeon
(0, 0, D:4)
  a dart slug corpse

