Oddysee

Level 1 of the Dungeon
(0, 0, D:1)
  a whip
(0, 25, D:1)
  a club
(0, 26, D:1)
  a club
(6, 36, D:1)
  a glowing ring mail
  15 stones
(9, 14, D:1)
  a club
(15, -8, D:1)
  21 stones
(16, 18, D:1)
  15 sling bullets
(18, 10, D:1)
  a dagger
(19, 7, D:1)
  a club
(21, 2, D:1)
  20 stones
(22, 4, D:1)
  a short sword
(24, 38, D:1)
  a dagger
(28, -4, D:1)
  a club
(35, 14, D:1)
  a dagger
(44, 27, D:1)
  a short sword
(45, 23, D:1)
  a stone

Level 2 of the Dungeon
(0, 0, D:2)
  a club
(0, 1, D:2)
  a dagger of draining
  19 stones
(4, -21, D:2)
  a club
(8, -8, D:2)
  a dagger
(9, -13, D:2)
  20 stones
(17, -13, D:2)
  a pair of gloves
(23, -2, D:2)
  a dagger
(28, -29, D:2)
  a robe
(31, -21, D:2)
  a scale mail
(36, -28, D:2)
  a whip
(39, -17, D:2)
  18 arrows
(39, -4, D:2)
  a short sword
(43, -30, D:2)
  a dagger
(50, -31, D:2)
  a stone

Level 3 of the Dungeon
(0, 0, D:3)
  11 arrows
(13, -17, D:3)
  20 arrows
(13, 0, D:3)
  a dagger
  a club
(14, 0, D:3)
  a sling bullet
  a dagger
(14, 1, D:3)
  a sling bullet
(14, 15, D:3)
  a spear
(15, 19, D:3)
  a mace
(16, -2, D:3)
  8 sling bullets
  an uncursed hunting sling
  an uncursed dagger
(16, 11, D:3)
  a +0 troll leather armour {Purgy}
  a club
  an animal skin
  a club
(16, 12, D:3)
  a club
  a dagger
(16, 13, D:3)
  a dagger of venom
(17, 11, D:3)
  a club
(21, -11, D:3)
  a leather armour
(23, 4, D:3)
  19 stones
(25, 9, D:3)
  21 arrows
(34, -4, D:3)
  a robe
(35, 19, D:3)
  a quarterstaff
(37, -4, D:3)
  a club
(43, -13, D:3)
  a club
(44, -18, D:3)
  15 stones
(56, 18, D:3)
  10 bolts
(62, 12, D:3)
  a club
(63, 14, D:3)
  2 potions of degeneration

Level 4 of the Dungeon
(0, 0, D:4)
  a falchion
(1, 44, D:4)
  a hand axe
(5, -2, D:4)
  a robe
(12, 46, D:4)
  a leather armour
(23, 18, D:4)
  a hand axe
  a ring mail
  a whip
  a leather armour
  a dagger
  a robe
(25, -6, D:4)
  2 tomahawks
(26, 27, D:4)
  a flail
(55, 7, D:4)
  a robe

Level 5 of the Dungeon
[Shop] Jusoach's Book Boutique
  a book of Necromancy (330 gold)
  a book of Transfigurations (unknown) (605 gold)
  a book of Callings (unknown) (330 gold)
  a book of Conjurations (330 gold)
  a book of Debilitation (unknown) (440 gold)
  a book of Geomancy (unknown) (385 gold)
  a book of Cantrips (unknown) (220 gold)
  a book of Necromancy (330 gold)
  a book of the Sky (unknown) (715 gold)
  the Volume of Freezing Intoxication (724 gold)
    Spells                           Type                      Level
     a - Freeze                       Ice                           1
     b - Ensorcelled Hibernation      Hexes/Ice                     2
     c - Olgreb's Toxic Radiance      Poison                        4
     d - Bolt of Cold                 Conjuration/Ice               6
     e - Ozocubu's Refrigeration      Ice                           6
  the Volume of Vitriolic Battle Magic (480 gold)
    Spells                           Type                      Level
     a - Static Discharge             Conjuration/Air               3
     b - Conjure Flame                Conjuration/Fire              3
     c - Iskenderun's Mystic Blast    Conjuration                   4
     d - Venom Bolt                   Conjuration/Poison            5
  a book of Conjurations (330 gold)
[Shop] Axat Zeov's Antique Armour Emporium
  a chain mail (76 gold)
  a robe (11 gold)
  a chain mail (76 gold)
  a leather armour (34 gold)
  a shimmering chain mail (161 gold)
  a naga barding (391 gold)
  a robe (11 gold)
  spiked fire dragon scales (1105 gold)
  a glowing leather armour (85 gold)
  a leather armour (34 gold)
[Shop] Hetarono's Book Shop
  a book of Debilitation (unknown) (480 gold)
  a book of Maledictions (unknown) (300 gold)
  a book of Beasts (unknown) (660 gold)
  a Necronomicon (unknown) (1324 gold)
  a Young Poisoner's Handbook (unknown) (480 gold)
  a book of Enchantments (unknown) (600 gold)
  a book of Battle (unknown) (480 gold)
  the Collected Works on the Mountains and Flight (780 gold)
    Spells                           Type                      Level
     a - Shock                        Conjuration/Air               1
     b - Sandblast                    Earth                         1
     c - Conjure Ball Lightning       Conjuration/Air               6
     d - Freezing Cloud               Conjuration/Ice/Air           6
     e - Iron Shot                    Conjuration/Earth             6
  a book of the Earth (unknown) (780 gold)
  a book of Clouds (unknown) (540 gold)
[Shop] Siruluocaf's Antique Armour Shop
  a chain mail (121 gold)
  a cloak (121 gold)
  a plate armour (621 gold)
  a glowing chain mail (202 gold)
  a leather armour (54 gold)
  a robe (18 gold)
  a shiny ring mail (189 gold)
  a pair of embroidered gloves (202 gold)
  a chain mail (121 gold)
[Shop] Xeru Vuwki's Antique Weapon Shoppe
  a falchion (69 gold)
  a dagger (46 gold)
  a rapier (92 gold)
  a whip (57 gold)
  a dagger (46 gold)
  a dagger (46 gold)
  a runed mace (138 gold)
(0, 0, D:5)
  the -3 pair of boots "Qaxoilof" {rN+ Str-3 Dex+8}
    It affects your strength (-3).
    It affects your dexterity (+8).
    It protects you from negative energy.
  an uncursed ring of ice
(3, 4, D:5)
  a hunting sling
(5, 12, D:5)
  a robe
(5, 19, D:5)
  20 bolts
(5, 24, D:5)
  a chain mail
(9, 3, D:5)
  a tomahawk
(9, 4, D:5)
  a mace
  a whip
  a tomahawk
  a leather armour
(9, 7, D:5)
  a tomahawk
(10, 2, D:5)
  a mace
(10, 48, D:5)
  a spear
(11, 2, D:5)
  a giant spiked club
(15, 7, D:5)
  22 arrows
(20, 18, D:5)
  25 arrows
(20, 19, D:5)
  a shiny buckler
(20, 20, D:5)
  a scroll of immolation
(20, 21, D:5)
  16 gold pieces
(20, 22, D:5)
  a scroll of enchant armour
(27, 2, D:5)
  an uncursed shortbow
  27 arrows
(29, 2, D:5)
  an arrow
(30, 2, D:5)
  an arrow
(31, 2, D:5)
  an arrow

Level 6 of the Dungeon
(0, 0, D:6)
  a chain mail
(1, 1, D:6)
  27 stones
(15, 39, D:6)
  a dagger
  a robe
(16, 39, D:6)
  a leather armour
(17, 38, D:6)
  a whip
  a leather armour
(17, 39, D:6)
  a flail
(36, -2, D:6)
  a robe
(39, 45, D:6)
  a ring mail
(46, -4, D:6)
  a short sword
  a leather armour
(50, 24, D:6)
  a dagger

Level 7 of the Dungeon
(0, 0, D:7)
  an arrow
(0, 1, D:7)
  2 arrows
(0, 3, D:7)
  2 arrows
(0, 4, D:7)
  an arrow
(0, 6, D:7)
  an uncursed shortbow
  8 arrows
(8, 29, D:7)
  a potion of degeneration
(10, 10, D:7)
  a spear
(16, 9, D:7)
  a scale mail
  a trident
(17, 10, D:7)
  a club
  a whip
  a flail
  a club
(18, 9, D:7)
  a spear
(27, -10, D:7)
  a chain mail
(27, 25, D:7)
  a dagger
  a short sword
  a scale mail
  a dagger
  a robe
  a flail
(30, -7, D:7)
  a hand axe
  an animal skin
(35, 20, D:7)
  a cursed +0 chain mail
  13 arrows
(39, -1, D:7)
  a giant club
(49, 13, D:7)
  14 arrows
  an uncursed shortbow
(51, 11, D:7)
  a dagger
  a cloak
(51, 14, D:7)
  an arrow

Level 8 of the Dungeon
(0, 0, D:8)
  a ring mail
(5, 5, D:8)
  a scroll of noise
(6, 17, D:8)
  19 stones
(12, 6, D:8)
  2 large rocks
(16, -2, D:8)
  a spear
(17, 2, D:8)
  a scimitar
  a throwing net
  a scale mail
(19, 26, D:8)
  16 bolts
(22, -9, D:8)
  a scale mail
(24, 10, D:8)
  a hand axe
(28, -22, D:8)
  a whip
(30, 3, D:8)
  a quarterstaff
  a hunting sling
  29 sling bullets
  a glowing leather armour
(34, -20, D:8)
  a potion of degeneration
(34, -15, D:8)
  an uncursed shortbow
  11 arrows
(34, -13, D:8)
  2 arrows
(34, 16, D:8)
  2 stones
(38, 1, D:8)
  an uncursed shortbow
  16 arrows
(39, 2, D:8)
  6 arrows
(39, 3, D:8)
  a dagger of chaos
  a glowing robe
(54, 13, D:8)
  a spear

Level 9 of the Dungeon
(0, 0, D:9)
  14 arrows
(5, -32, D:9)
  a giant club
(6, -6, D:9)
  a scale mail
(8, -12, D:9)
  10 stones
(9, -9, D:9)
  12 stones
(14, 0, D:9)
  a flail
  a leather armour
  a dagger
  a ring mail
(15, 1, D:9)
  a short sword
  a scale mail
  a club
(20, -41, D:9)
  an uncursed blowgun
  2 poisoned needles
(21, -42, D:9)
  a dagger
(22, -42, D:9)
  a poisoned needle
(26, -1, D:9)
  15 sling bullets
(26, 2, D:9)
  a spear
(27, -40, D:9)
  a shield
(28, -12, D:9)
  a shortbow
(30, -9, D:9)
  a leather armour
(50, -21, D:9)
  a ring mail

Level 10 of the Dungeon
[Shop] Qagoit's Jewellery Boutique
  the amulet of Ypripoerph {Inacc Int+6} (241 gold)
    [amulet of inaccuracy]
    
    It reduces the accuracy of all your attacks.
    It affects your intelligence (+6).
  an uncursed amulet of faith (unknown) (600 gold)
  an uncursed ring of fire (unknown) (375 gold)
  an uncursed ring of fire (unknown) (375 gold)
  a +3 ring of evasion (unknown) (315 gold)
  an uncursed amulet of guardian spirit (unknown) (450 gold)
  an uncursed ring of fire (unknown) (375 gold)
  a +5 ring of intelligence (unknown) (618 gold)
  an uncursed ring of fire (unknown) (375 gold)
  an uncursed ring of poison resistance (unknown) (300 gold)
  an uncursed ring of resist corrosion (unknown) (300 gold)
(0, 0, D:10)
  a giant club
(0, 12, D:10)
  a large rock
(0, 13, D:10)
  a large rock
(1, 15, D:10)
  a large rock
(2, 16, D:10)
  a large rock
(14, -24, D:10)
  a scale mail
(18, -21, D:10)
  a dagger
(34, 12, D:10)
  a trident
  a chain mail
(37, -13, D:10)
  20 sling bullets
(46, 17, D:10)
  a thick jewelled staff

Level 11 of the Dungeon
[Shop] Beixu's Jewellery Boutique
  an uncursed ring of resist corrosion (unknown) (300 gold)
  an uncursed amulet of harm (450 gold)
  a +3 ring of intelligence (unknown) (235 gold)
  the amulet "Soineupec" {Spirit Fragile rF+ rN+ Str+5} (796 gold)
    [amulet of guardian spirit]
    
    It causes incoming damage to be split between your health and magic.
    It affects your strength (+5).
    It protects you from fire.
    It protects you from negative energy.
    It will be destroyed if unequipped.
  an uncursed ring of ice (375 gold)
  an uncursed amulet of the acrobat (unknown) (450 gold)
  the ring of the Mage {Wiz MR++ Int+3} (775 gold)
    [ring of wizardry]
    
    It improves your spell success rate.
    It affects your intelligence (+3).
    It affects your resistance to hostile enchantments.
  an uncursed ring of wizardry (unknown) (450 gold)
  an uncursed ring of magical power (unknown) (300 gold)
  the amulet of the Four Winds {rN+ MR+++ Clar} (658 gold)
    [amulet of nothing]
    
    It protects you from negative energy.
    It affects your resistance to hostile enchantments.
    It protects you against confusion.
(0, 0, D:11)
  a halberd
(2, 12, D:11)
  an uncursed dagger of venom
  an uncursed blowgun
(4, 37, D:11)
  19 arrows
  an uncursed shortbow
(4, 39, D:11)
  2 arrows
(5, 10, D:11)
  a flail
(5, 37, D:11)
  a flail
(14, 1, D:11)
  a curare-tipped needle
(15, 1, D:11)
  a curare-tipped needle
(16, 1, D:11)
  a curare-tipped needle
(16, 2, D:11)
  a curare-tipped needle
(25, 39, D:11)
  a large rock
(26, 38, D:11)
  4 large rocks
(27, 10, D:11)
  a scale mail
(29, 42, D:11)
  a flail

the Ecumenical Temple

Level 1 of the Orcish Mines
[Shop] Peproc's Weapon Emporium
  16 stones (22 gold)
  26 bolts (72 gold)
  17 sling bullets (119 gold)
  a +0 blowgun (35 gold)
  a +0 flail (49 gold)
  a +0 shortbow of velocity (91 gold)
  19 stones (26 gold)
  a +0 scimitar (56 gold)
  a +0 great mace (91 gold)
  a +0 great mace of holy wrath (191 gold)
(0, 0, Orc:1)
  a plate armour
(1, 1, Orc:1)
  a robe
  a dagger of venom
  a ring mail
  a club
(1, 16, Orc:1)
  a chain mail
  an enchanted hand axe
(1, 17, Orc:1)
  a leather armour
  a robe
  a club
  a dagger
  a robe
  a dagger
  a robe
  a dagger
  a dagger
(2, 16, Orc:1)
  a large rock
(2, 17, Orc:1)
  a chain mail
  a short sword
  a giant spiked club
  a falchion
  a chain mail
(3, 16, Orc:1)
  4 large rocks
(3, 17, Orc:1)
  a falchion
  a leather armour
  a dagger
(15, 13, Orc:1)
  a flail
  a leather armour
(16, 14, Orc:1)
  a chain mail
  a flail
(20, 13, Orc:1)
  a dagger
  a robe
  a dagger
  a robe
(20, 14, Orc:1)
  a dagger
  a robe
(20, 15, Orc:1)
  a mace
  4 tomahawks
  a chain mail
(21, 13, Orc:1)
  a flail
  a plate armour
(21, 14, Orc:1)
  a halberd
  a plate armour
(21, 15, Orc:1)
  a club
  a hand axe
  a chain mail
(34, 14, Orc:1)
  27 stones
(35, 16, Orc:1)
  a scale mail
(43, 24, Orc:1)
  a dire flail of venom
  a dire flail
  a giant club
  a great mace
(43, 25, Orc:1)
  a war axe
  a plate armour
  a giant club
  a giant spiked club
(43, 26, Orc:1)
  a spear
(44, 23, Orc:1)
  a spear
  a robe
(44, 24, Orc:1)
  a hand axe
(44, 26, Orc:1)
  a spear
(44, 27, Orc:1)
  a spear
(45, 24, Orc:1)
  a dagger
  a robe
  a hand axe
  a dagger
  a robe
  a dagger
  a robe
(45, 25, Orc:1)
  a giant spiked club
  a giant club
  a war axe
  a ring mail
  a dagger
  a robe
(45, 26, Orc:1)
  a spear

Level 2 of the Orcish Mines
[Shop] Mitoju Ewuph's Book Boutique
  a book of Cantrips (unknown) (300 gold)
  a book of Fire (unknown) (975 gold)
  a book of the Warp (unknown) (1350 gold)
  a book of Transfigurations (unknown) (825 gold)
  a book of the Warp (unknown) (1350 gold)
  a book of Power (unknown) (675 gold)
  a book of Unlife (unknown) (975 gold)
  Baexenk's Almanac of Stolen Souls and Boosts (961 gold)
    Spells                           Type                      Level
     a - Infusion                     Charms                        1
     b - Animate Skeleton             Necromancy                    1
     c - Corpse Rot                   Necromancy                    2
     d - Regeneration                 Charms/Necromancy             3
     e - Dispel Undead                Necromancy                    5
     f - Ring of Flames               Charms/Fire                   7
[Shop] Emoeru's Food Emporium
  a ration (60 gold)
  a ration (60 gold)
  a ration (60 gold)
  a ration (60 gold)
  a ration (60 gold)
  a ration (60 gold)
  a ration (60 gold)
  a ration (60 gold)
  a ration (60 gold)
  a ration (60 gold)
[Shop] Bouxesk's Distillery
  a potion of brilliance (40 gold)
  a potion of haste (100 gold)
  a potion of degeneration (10 gold)
  a potion of lignification (30 gold)
  a potion of agility (40 gold)
  a potion of magic (80 gold)
  a potion of lignification (30 gold)
[Shop] Fecwip's Antique Armour Boutique
  a chain mail (130 gold)
  a ring mail (116 gold)
  a plate armour (667 gold)
  a pair of runed gloves (217 gold)
  a glowing ring mail (203 gold)
  a chain mail (130 gold)
  a leather armour (58 gold)
  a plate armour (667 gold)
  a buckler (130 gold)
  a chain mail (130 gold)
  a chain mail (130 gold)
[Shop] Ampueciv's Book Shop
  a book of Conjurations (450 gold)
  a Necronomicon (unknown) (1656 gold)
  a book of Battle (unknown) (600 gold)
  a book of Summonings (unknown) (1050 gold)
  a book of Frost (unknown) (525 gold)
  Luockie's Handbook of Attacks (924 gold)
    Spells                           Type                      Level
     a - Shock                        Conjuration/Air               1
     b - Magic Dart                   Conjuration                   1
     c - Static Discharge             Conjuration/Air               3
     d - Irradiate                    Conjuration/Transmutation     5
     e - Iskenderun's Battlesphere    Conjuration/Charms            5
     f - Bolt of Draining             Conjuration/Necromancy        5
  a book of Beasts (unknown) (825 gold)
(0, 0, Orc:2)
  a dagger
  a leather armour
  a hand axe
(1, 0, Orc:2)
  a broad axe
  a plate armour
(10, 25, Orc:2)
  a whip
(10, 26, Orc:2)
  2 large rocks
(10, 27, Orc:2)
  a large rock
(11, 25, Orc:2)
  a flail
(11, 26, Orc:2)
  a plate armour
  a battleaxe
(11, 32, Orc:2)
  a runed robe
  a dagger
(12, 25, Orc:2)
  a ring mail
(14, -1, Orc:2)
  a hand axe
(14, 31, Orc:2)
  a giant club
(16, 11, Orc:2)
  a plate armour
  a battleaxe
(17, 10, Orc:2)
  a trident
(17, 11, Orc:2)
  a robe
  a dagger
  a robe
  a dagger
(18, 11, Orc:2)
  a war axe
(20, 22, Orc:2)
  a plate armour
  a halberd
(24, 18, Orc:2)
  a plate armour
  a glowing leather armour
  a scimitar
  a flail
  a short sword
  a plate armour
  a great mace
  a plate armour
  a war axe
  a plate armour
  a whip
  a leather armour
(24, 19, Orc:2)
  a chain mail
  a mace
(25, 6, Orc:2)
  a giant club
(25, 17, Orc:2)
  a plate armour
  a hand axe
  a mace
  2 tomahawks
  a mace
  a flail
(26, 16, Orc:2)
  a war axe
  a halberd
  a chain mail
(26, 17, Orc:2)
  a hand axe
  a leather armour
  a club
  a leather armour
  3 tomahawks of dispersal
  a flail
  a hand axe
(26, 21, Orc:2)
  an enchanted trident
(27, 16, Orc:2)
  a tomahawk
  a club
  a plate armour
  a war axe
  a hand axe
(28, 14, Orc:2)
  a chain mail
  a dagger
(28, 15, Orc:2)
  a tomahawk
(28, 16, Orc:2)
  a robe
  a dagger
(29, 14, Orc:2)
  a robe
  a dagger
(29, 15, Orc:2)
  a giant club
(29, 16, Orc:2)
  3 tomahawks
  a chain mail
  a mace
  a plate armour
  a dire flail
(29, 18, Orc:2)
  a robe
  a dagger
(29, 26, Orc:2)
  a flail
(30, 16, Orc:2)
  5 tomahawks of returning
  a flail
  a chain mail
  a halberd
(30, 17, Orc:2)
  a short sword
  a long sword
  a chain mail
(31, 16, Orc:2)
  a runed chain mail
  an enchanted trident
(31, 28, Orc:2)
  a leather armour
  a trident
(32, 16, Orc:2)
  a dagger
(32, 17, Orc:2)
  a plate armour
  a dire flail of venom
(32, 29, Orc:2)
  a robe
  a dagger
  a war axe
  a leather armour
(33, 16, Orc:2)
  a hand axe
(33, 24, Orc:2)
  a +2 pair of gloves
  a +0 helmet
(33, 28, Orc:2)
  a runed robe
  a dagger
  a chain mail
  a mace
(33, 29, Orc:2)
  a leather armour
  a great sword
(34, 28, Orc:2)
  a glowing robe
  an embroidered robe
  a dagger of venom
  an enchanted dagger
(35, 24, Orc:2)
  a glowing robe
  a dagger
(35, 26, Orc:2)
  an embroidered robe
  an enchanted dagger
(35, 30, Orc:2)
  a robe
  a dagger
(38, 27, Orc:2)
  a plate armour
  a flail
  a plate armour
  a war axe
  a chain mail
  a short sword
  a leather armour
  a dagger
  a plate armour
  a long sword
(38, 28, Orc:2)
  a plate armour
  a trident
(39, 26, Orc:2)
  2 tomahawks
(39, 27, Orc:2)
  a chain mail
  a runed robe
  a dagger
  a robe
  a club
  a dire flail
  a dagger
(40, 27, Orc:2)
  a plate armour
  5 tomahawks
  a scimitar
  a long sword of protection
  a chain mail
(43, 29, Orc:2)
  a giant spiked club
(44, 34, Orc:2)
  a hand axe
  a leather armour
(45, 24, Orc:2)
  a mace
  a plate armour
(45, 35, Orc:2)
  a club
  a hand axe
(46, 25, Orc:2)
  a giant club
  a halberd of venom
  a shiny chain mail
(46, 34, Orc:2)
  an enchanted short sword
  a leather armour
(47, 34, Orc:2)
  a battleaxe
(47, 35, Orc:2)
  a dagger

Level 1 of the Lair of Beasts
(0, 0, Lair:1)
  a runed falchion
(13, -9, Lair:1)
  a giant club
(16, -2, Lair:1)
  a war axe
(21, -12, Lair:1)
  14 poisoned needles
(22, -12, Lair:1)
  18 stones
(33, -27, Lair:1)
  18 bolts
(46, -16, Lair:1)
  20 stones
(46, -15, Lair:1)
  19 stones

Level 2 of the Lair of Beasts
(0, 0, Lair:2)
  a trident
(1, 0, Lair:2)
  16 gold pieces
(14, 1, Lair:2)
  a +0 chain mail
  a +0 scale mail
(24, 8, Lair:2)
  a halberd
(24, 10, Lair:2)
  a war axe
(25, 9, Lair:2)
  a robe
(25, 10, Lair:2)
  a flail
  a robe
(26, 10, Lair:2)
  a long sword
(31, 3, Lair:2)
  15 bolts
(32, -12, Lair:2)
  25 sling bullets
(32, 29, Lair:2)
  a short sword
(38, 30, Lair:2)
  17 stones
(41, 25, Lair:2)
  a potion of degeneration
(46, 4, Lair:2)
  a ration
(47, 1, Lair:2)
  a wand of polymorph (2)
  (unseen)
(47, 2, Lair:2)
  a scroll of enchant armour
(47, 3, Lair:2)
  27 bolts
(50, 3, Lair:2)
  21 gold pieces

Level 3 of the Lair of Beasts
(0, 0, Lair:3)
  20 arrows
(4, -36, Lair:3)
  an uncursed amulet of harm
(6, -10, Lair:3)
  an arrow
(8, -6, Lair:3)
  a shortbow
  19 arrows
(8, -3, Lair:3)
  an uncursed shortbow
  18 arrows
(9, -5, Lair:3)
  11 arrows
(9, -4, Lair:3)
  an uncursed shortbow
  an uncursed shortbow
  23 arrows
(10, -6, Lair:3)
  an arrow
(10, -4, Lair:3)
  2 arrows
(11, -7, Lair:3)
  an arrow
(17, -43, Lair:3)
  a club
(17, -40, Lair:3)
  17 stones
(21, -27, Lair:3)
  a plate armour
(29, 7, Lair:3)
  19 gold pieces
(29, 8, Lair:3)
  23 gold pieces
(31, 8, Lair:3)
  12 gold pieces
(32, 7, Lair:3)
  a scroll labeled WIENEBLUBLE

Level 4 of the Lair of Beasts
(0, 0, Lair:4)
  a glowing spear
(6, -18, Lair:4)
  a dagger
  a robe
(17, -15, Lair:4)
  a scroll of immolation
(18, -13, Lair:4)
  a glowing hand axe
(18, 3, Lair:4)
  a spear
(23, -14, Lair:4)
  a leather armour
  a war axe
(24, -14, Lair:4)
  a robe
  a hand axe
(27, -2, Lair:4)
  15 stones
(29, -2, Lair:4)
  18 stones
(32, -31, Lair:4)
  10 arrows
(33, -30, Lair:4)
  a ring mail
(35, -24, Lair:4)
  a long sword
(37, -16, Lair:4)
  a leather armour
  a war axe
(45, -27, Lair:4)
  12 poisoned needles

Level 5 of the Lair of Beasts
(0, 0, Lair:5)
  27 stones
(4, 20, Lair:5)
  a robe
(9, 19, Lair:5)
  an uncursed amulet of regeneration
(14, 46, Lair:5)
  a hand axe
(19, 25, Lair:5)
  23 stones
(28, 15, Lair:5)
  a dagger
(30, 41, Lair:5)
  a scale mail
(36, 43, Lair:5)
  an arbalest
(43, 2, Lair:5)
  a leather armour

Level 6 of the Lair of Beasts
(0, 0, Lair:6)
  an arbalest
(2, -11, Lair:6)
  a morningstar
(6, -43, Lair:6)
  a leather armour
(20, -41, Lair:6)
  a fustibalus
(25, -34, Lair:6)
  18 stones
(28, -21, Lair:6)
  18 sling bullets
(29, -51, Lair:6)
  a translucent dagger
(30, -52, Lair:6)
  a spear
(30, -50, Lair:6)
  a cloak
(37, -35, Lair:6)
  a leather armour
(38, -19, Lair:6)
  a potion of degeneration
(42, -13, Lair:6)
  a leather armour
(44, -33, Lair:6)
  23 stones
(45, -30, Lair:6)
  22 bolts
(49, -47, Lair:6)
  a runed dagger
(56, -33, Lair:6)
  a +1 hat
  a +1 pair of gloves
(61, -43, Lair:6)
  a scroll of immolation
(63, -14, Lair:6)
  a leather armour

Level 1 of the Snake Pit
(0, 0, Snake:1)
  a ring mail
(1, -16, Snake:1)
  a scimitar of venom
  a robe
(2, 5, Snake:1)
  a hand crossbow
(5, -45, Snake:1)
  a bolt
(8, -45, Snake:1)
  3 bolts
(9, -45, Snake:1)
  an uncursed enchanted arbalest
  an uncursed war axe
  8 bolts
  a robe
(20, 1, Snake:1)
  4 needles of frenzy
(21, -17, Snake:1)
  18 stones
(25, -40, Snake:1)
  a war axe
  a robe
(26, -30, Snake:1)
  a trident of venom
(27, -31, Snake:1)
  a club
(27, -30, Snake:1)
  a scimitar
  a war axe
(29, -29, Snake:1)
  20 stones
(29, 5, Snake:1)
  a short sword
  a robe
(32, 1, Snake:1)
  an uncursed amulet of rage
  an uncursed amulet of the gourmand
  a +1 helmet
(34, -25, Snake:1)
  a short sword
  a robe
(34, -24, Snake:1)
  a halberd of chopping
(35, -25, Snake:1)
  a vampiric trident
  a robe
(36, -25, Snake:1)
  a dire flail
(36, -23, Snake:1)
  a hand axe
(41, -52, Snake:1)
  a black mamba corpse
(42, -38, Snake:1)
  a falchion
(43, -10, Snake:1)
  a spear
(46, -41, Snake:1)
  an uncursed shortbow
  an uncursed long sword of electrocution
  7 arrows
(47, -42, Snake:1)
  6 arrows
(47, -41, Snake:1)
  a scimitar
(48, -42, Snake:1)
  3 arrows
  a glaive
  a robe
(49, -42, Snake:1)
  2 arrows
(55, -39, Snake:1)
  a dagger of venom
  a robe
(55, -35, Snake:1)
  a halberd
(56, -36, Snake:1)
  a short sword
(56, -35, Snake:1)
  a dire flail
  a robe
(56, -30, Snake:1)
  an arrow
(57, -33, Snake:1)
  a spear
  an uncursed shortbow of flaming
  13 arrows
(57, -7, Snake:1)
  a glaive
(57, 3, Snake:1)
  a dagger
(65, -26, Snake:1)
  a hand axe of electrocution
  a robe
(69, -14, Snake:1)
  a flail

